running develop
Removing /home/kohki/HONROBO_WS/ros_joy/install/ros_joy/lib/python3.10/site-packages/ros-joy.egg-link (link to .)
running egg_info
writing build/ros_joy/ros_joy.egg-info/PKG-INFO
writing dependency_links to build/ros_joy/ros_joy.egg-info/dependency_links.txt
writing entry points to build/ros_joy/ros_joy.egg-info/entry_points.txt
writing requirements to build/ros_joy/ros_joy.egg-info/requires.txt
writing top-level names to build/ros_joy/ros_joy.egg-info/top_level.txt
reading manifest file 'build/ros_joy/ros_joy.egg-info/SOURCES.txt'
writing manifest file 'build/ros_joy/ros_joy.egg-info/SOURCES.txt'
running build
running build_py
copying ros_joy/ros_joy.py -> /home/kohki/HONROBO_WS/ros_joy/build/ros_joy/build/lib/ros_joy
running install
running install_lib
creating /home/kohki/HONROBO_WS/ros_joy/install/ros_joy/lib/python3.10/site-packages/ros_joy
copying /home/kohki/HONROBO_WS/ros_joy/build/ros_joy/build/lib/ros_joy/ros_joy.py -> /home/kohki/HONROBO_WS/ros_joy/install/ros_joy/lib/python3.10/site-packages/ros_joy
copying /home/kohki/HONROBO_WS/ros_joy/build/ros_joy/build/lib/ros_joy/__init__.py -> /home/kohki/HONROBO_WS/ros_joy/install/ros_joy/lib/python3.10/site-packages/ros_joy
creating /home/kohki/HONROBO_WS/ros_joy/install/ros_joy/lib/python3.10/site-packages/ros_joy/module
copying /home/kohki/HONROBO_WS/ros_joy/build/ros_joy/build/lib/ros_joy/module/__init__.py -> /home/kohki/HONROBO_WS/ros_joy/install/ros_joy/lib/python3.10/site-packages/ros_joy/module
copying /home/kohki/HONROBO_WS/ros_joy/build/ros_joy/build/lib/ros_joy/module/JoyCalcTools.py -> /home/kohki/HONROBO_WS/ros_joy/install/ros_joy/lib/python3.10/site-packages/ros_joy/module
copying /home/kohki/HONROBO_WS/ros_joy/build/ros_joy/build/lib/ros_joy/module/Switch.py -> /home/kohki/HONROBO_WS/ros_joy/install/ros_joy/lib/python3.10/site-packages/ros_joy/module
byte-compiling /home/kohki/HONROBO_WS/ros_joy/install/ros_joy/lib/python3.10/site-packages/ros_joy/ros_joy.py to ros_joy.cpython-310.pyc
byte-compiling /home/kohki/HONROBO_WS/ros_joy/install/ros_joy/lib/python3.10/site-packages/ros_joy/__init__.py to __init__.cpython-310.pyc
byte-compiling /home/kohki/HONROBO_WS/ros_joy/install/ros_joy/lib/python3.10/site-packages/ros_joy/module/__init__.py to __init__.cpython-310.pyc
byte-compiling /home/kohki/HONROBO_WS/ros_joy/install/ros_joy/lib/python3.10/site-packages/ros_joy/module/JoyCalcTools.py to JoyCalcTools.cpython-310.pyc
byte-compiling /home/kohki/HONROBO_WS/ros_joy/install/ros_joy/lib/python3.10/site-packages/ros_joy/module/Switch.py to Switch.cpython-310.pyc
running install_data
running install_egg_info
Copying build/ros_joy/ros_joy.egg-info to /home/kohki/HONROBO_WS/ros_joy/install/ros_joy/lib/python3.10/site-packages/ros_joy-0.0.0-py3.10.egg-info
running install_scripts
Installing ros_joy script to /home/kohki/HONROBO_WS/ros_joy/install/ros_joy/lib/ros_joy
writing list of installed files to '/home/kohki/HONROBO_WS/ros_joy/build/ros_joy/install.log'
