[0.658s] Invoking command in '/home/kohki/HONROBO_WS/ros_joy/build/ros_joy': PYTHONPATH=/home/kohki/HONROBO_WS/ros_joy/build/ros_joy/prefix_override:/home/kohki/HONROBO_WS/ros_joy/install/ros_joy/lib/python3.10/site-packages:${PYTHONPATH} /usr/bin/python3 setup.py develop --uninstall --editable --build-directory /home/kohki/HONROBO_WS/ros_joy/build/ros_joy/build
[0.847s] running develop
[0.965s] Removing /home/kohki/HONROBO_WS/ros_joy/install/ros_joy/lib/python3.10/site-packages/ros-joy.egg-link (link to .)
[0.987s] Invoked command in '/home/kohki/HONROBO_WS/ros_joy/build/ros_joy' returned '0': PYTHONPATH=/home/kohki/HONROBO_WS/ros_joy/build/ros_joy/prefix_override:/home/kohki/HONROBO_WS/ros_joy/install/ros_joy/lib/python3.10/site-packages:${PYTHONPATH} /usr/bin/python3 setup.py develop --uninstall --editable --build-directory /home/kohki/HONROBO_WS/ros_joy/build/ros_joy/build
[0.988s] Invoking command in '/home/kohki/HONROBO_WS/ros_joy': PYTHONPATH=/home/kohki/HONROBO_WS/ros_joy/build/ros_joy/prefix_override:/home/kohki/HONROBO_WS/ros_joy/install/ros_joy/lib/python3.10/site-packages:${PYTHONPATH} /usr/bin/python3 setup.py egg_info --egg-base build/ros_joy build --build-base /home/kohki/HONROBO_WS/ros_joy/build/ros_joy/build install --record /home/kohki/HONROBO_WS/ros_joy/build/ros_joy/install.log --single-version-externally-managed
[1.168s] running egg_info
[1.168s] writing build/ros_joy/ros_joy.egg-info/PKG-INFO
[1.168s] writing dependency_links to build/ros_joy/ros_joy.egg-info/dependency_links.txt
[1.168s] writing entry points to build/ros_joy/ros_joy.egg-info/entry_points.txt
[1.168s] writing requirements to build/ros_joy/ros_joy.egg-info/requires.txt
[1.168s] writing top-level names to build/ros_joy/ros_joy.egg-info/top_level.txt
[1.169s] reading manifest file 'build/ros_joy/ros_joy.egg-info/SOURCES.txt'
[1.170s] writing manifest file 'build/ros_joy/ros_joy.egg-info/SOURCES.txt'
[1.170s] running build
[1.170s] running build_py
[1.170s] copying ros_joy/ros_joy.py -> /home/kohki/HONROBO_WS/ros_joy/build/ros_joy/build/lib/ros_joy
[1.170s] running install
[1.171s] running install_lib
[1.171s] creating /home/kohki/HONROBO_WS/ros_joy/install/ros_joy/lib/python3.10/site-packages/ros_joy
[1.171s] copying /home/kohki/HONROBO_WS/ros_joy/build/ros_joy/build/lib/ros_joy/ros_joy.py -> /home/kohki/HONROBO_WS/ros_joy/install/ros_joy/lib/python3.10/site-packages/ros_joy
[1.171s] copying /home/kohki/HONROBO_WS/ros_joy/build/ros_joy/build/lib/ros_joy/__init__.py -> /home/kohki/HONROBO_WS/ros_joy/install/ros_joy/lib/python3.10/site-packages/ros_joy
[1.171s] creating /home/kohki/HONROBO_WS/ros_joy/install/ros_joy/lib/python3.10/site-packages/ros_joy/module
[1.171s] copying /home/kohki/HONROBO_WS/ros_joy/build/ros_joy/build/lib/ros_joy/module/__init__.py -> /home/kohki/HONROBO_WS/ros_joy/install/ros_joy/lib/python3.10/site-packages/ros_joy/module
[1.171s] copying /home/kohki/HONROBO_WS/ros_joy/build/ros_joy/build/lib/ros_joy/module/JoyCalcTools.py -> /home/kohki/HONROBO_WS/ros_joy/install/ros_joy/lib/python3.10/site-packages/ros_joy/module
[1.172s] copying /home/kohki/HONROBO_WS/ros_joy/build/ros_joy/build/lib/ros_joy/module/Switch.py -> /home/kohki/HONROBO_WS/ros_joy/install/ros_joy/lib/python3.10/site-packages/ros_joy/module
[1.172s] byte-compiling /home/kohki/HONROBO_WS/ros_joy/install/ros_joy/lib/python3.10/site-packages/ros_joy/ros_joy.py to ros_joy.cpython-310.pyc
[1.173s] byte-compiling /home/kohki/HONROBO_WS/ros_joy/install/ros_joy/lib/python3.10/site-packages/ros_joy/__init__.py to __init__.cpython-310.pyc
[1.173s] byte-compiling /home/kohki/HONROBO_WS/ros_joy/install/ros_joy/lib/python3.10/site-packages/ros_joy/module/__init__.py to __init__.cpython-310.pyc
[1.173s] byte-compiling /home/kohki/HONROBO_WS/ros_joy/install/ros_joy/lib/python3.10/site-packages/ros_joy/module/JoyCalcTools.py to JoyCalcTools.cpython-310.pyc
[1.173s] byte-compiling /home/kohki/HONROBO_WS/ros_joy/install/ros_joy/lib/python3.10/site-packages/ros_joy/module/Switch.py to Switch.cpython-310.pyc
[1.173s] running install_data
[1.174s] running install_egg_info
[1.175s] Copying build/ros_joy/ros_joy.egg-info to /home/kohki/HONROBO_WS/ros_joy/install/ros_joy/lib/python3.10/site-packages/ros_joy-0.0.0-py3.10.egg-info
[1.175s] running install_scripts
[1.191s] Installing ros_joy script to /home/kohki/HONROBO_WS/ros_joy/install/ros_joy/lib/ros_joy
[1.191s] writing list of installed files to '/home/kohki/HONROBO_WS/ros_joy/build/ros_joy/install.log'
[1.209s] Invoked command in '/home/kohki/HONROBO_WS/ros_joy' returned '0': PYTHONPATH=/home/kohki/HONROBO_WS/ros_joy/build/ros_joy/prefix_override:/home/kohki/HONROBO_WS/ros_joy/install/ros_joy/lib/python3.10/site-packages:${PYTHONPATH} /usr/bin/python3 setup.py egg_info --egg-base build/ros_joy build --build-base /home/kohki/HONROBO_WS/ros_joy/build/ros_joy/build install --record /home/kohki/HONROBO_WS/ros_joy/build/ros_joy/install.log --single-version-externally-managed
