running egg_info
creating ../../build/can_messenger/can_messenger.egg-info
writing ../../build/can_messenger/can_messenger.egg-info/PKG-INFO
writing dependency_links to ../../build/can_messenger/can_messenger.egg-info/dependency_links.txt
writing entry points to ../../build/can_messenger/can_messenger.egg-info/entry_points.txt
writing requirements to ../../build/can_messenger/can_messenger.egg-info/requires.txt
writing top-level names to ../../build/can_messenger/can_messenger.egg-info/top_level.txt
writing manifest file '../../build/can_messenger/can_messenger.egg-info/SOURCES.txt'
package init file 'can_messenger/module/__init__.py' not found (or not a regular file)
reading manifest file '../../build/can_messenger/can_messenger.egg-info/SOURCES.txt'
writing manifest file '../../build/can_messenger/can_messenger.egg-info/SOURCES.txt'
running build
running build_py
creating /home/kohki/HONROBO_WS/can_messenger/build/can_messenger/build
creating /home/kohki/HONROBO_WS/can_messenger/build/can_messenger/build/lib
creating /home/kohki/HONROBO_WS/can_messenger/build/can_messenger/build/lib/can_messenger
copying can_messenger/__init__.py -> /home/kohki/HONROBO_WS/can_messenger/build/can_messenger/build/lib/can_messenger
copying can_messenger/can_messenger.py -> /home/kohki/HONROBO_WS/can_messenger/build/can_messenger/build/lib/can_messenger
creating /home/kohki/HONROBO_WS/can_messenger/build/can_messenger/build/lib/can_messenger/module
copying can_messenger/module/UseMessage.py -> /home/kohki/HONROBO_WS/can_messenger/build/can_messenger/build/lib/can_messenger/module
copying can_messenger/module/UsbCan.py -> /home/kohki/HONROBO_WS/can_messenger/build/can_messenger/build/lib/can_messenger/module
running install
running install_lib
creating /home/kohki/HONROBO_WS/can_messenger/install/can_messenger/lib/python3.10/site-packages/can_messenger
copying /home/kohki/HONROBO_WS/can_messenger/build/can_messenger/build/lib/can_messenger/__init__.py -> /home/kohki/HONROBO_WS/can_messenger/install/can_messenger/lib/python3.10/site-packages/can_messenger
creating /home/kohki/HONROBO_WS/can_messenger/install/can_messenger/lib/python3.10/site-packages/can_messenger/module
copying /home/kohki/HONROBO_WS/can_messenger/build/can_messenger/build/lib/can_messenger/module/UseMessage.py -> /home/kohki/HONROBO_WS/can_messenger/install/can_messenger/lib/python3.10/site-packages/can_messenger/module
copying /home/kohki/HONROBO_WS/can_messenger/build/can_messenger/build/lib/can_messenger/module/UsbCan.py -> /home/kohki/HONROBO_WS/can_messenger/install/can_messenger/lib/python3.10/site-packages/can_messenger/module
copying /home/kohki/HONROBO_WS/can_messenger/build/can_messenger/build/lib/can_messenger/can_messenger.py -> /home/kohki/HONROBO_WS/can_messenger/install/can_messenger/lib/python3.10/site-packages/can_messenger
byte-compiling /home/kohki/HONROBO_WS/can_messenger/install/can_messenger/lib/python3.10/site-packages/can_messenger/__init__.py to __init__.cpython-310.pyc
byte-compiling /home/kohki/HONROBO_WS/can_messenger/install/can_messenger/lib/python3.10/site-packages/can_messenger/module/UseMessage.py to UseMessage.cpython-310.pyc
byte-compiling /home/kohki/HONROBO_WS/can_messenger/install/can_messenger/lib/python3.10/site-packages/can_messenger/module/UsbCan.py to UsbCan.cpython-310.pyc
byte-compiling /home/kohki/HONROBO_WS/can_messenger/install/can_messenger/lib/python3.10/site-packages/can_messenger/can_messenger.py to can_messenger.cpython-310.pyc
running install_data
creating /home/kohki/HONROBO_WS/can_messenger/install/can_messenger/share/ament_index
creating /home/kohki/HONROBO_WS/can_messenger/install/can_messenger/share/ament_index/resource_index
creating /home/kohki/HONROBO_WS/can_messenger/install/can_messenger/share/ament_index/resource_index/packages
copying resource/can_messenger -> /home/kohki/HONROBO_WS/can_messenger/install/can_messenger/share/ament_index/resource_index/packages
copying package.xml -> /home/kohki/HONROBO_WS/can_messenger/install/can_messenger/share/can_messenger
running install_egg_info
Copying ../../build/can_messenger/can_messenger.egg-info to /home/kohki/HONROBO_WS/can_messenger/install/can_messenger/lib/python3.10/site-packages/can_messenger-0.0.0-py3.10.egg-info
running install_scripts
Installing can_messenger script to /home/kohki/HONROBO_WS/can_messenger/install/can_messenger/lib/can_messenger
writing list of installed files to '/home/kohki/HONROBO_WS/can_messenger/build/can_messenger/install.log'
