[0.578s] Invoking command in '/home/kohki/HONROBO_WS/can_messenger/src/can_messenger': PYTHONPATH=/home/kohki/HONROBO_WS/can_messenger/build/can_messenger/prefix_override:/home/kohki/HONROBO_WS/can_messenger/install/can_messenger/lib/python3.10/site-packages:${PYTHONPATH} /usr/bin/python3 setup.py egg_info --egg-base ../../build/can_messenger build --build-base /home/kohki/HONROBO_WS/can_messenger/build/can_messenger/build install --record /home/kohki/HONROBO_WS/can_messenger/build/can_messenger/install.log --single-version-externally-managed
[0.740s] running egg_info
[0.741s] creating ../../build/can_messenger/can_messenger.egg-info
[0.741s] writing ../../build/can_messenger/can_messenger.egg-info/PKG-INFO
[0.741s] writing dependency_links to ../../build/can_messenger/can_messenger.egg-info/dependency_links.txt
[0.741s] writing entry points to ../../build/can_messenger/can_messenger.egg-info/entry_points.txt
[0.741s] writing requirements to ../../build/can_messenger/can_messenger.egg-info/requires.txt
[0.741s] writing top-level names to ../../build/can_messenger/can_messenger.egg-info/top_level.txt
[0.741s] writing manifest file '../../build/can_messenger/can_messenger.egg-info/SOURCES.txt'
[0.742s] package init file 'can_messenger/module/__init__.py' not found (or not a regular file)
[0.742s] reading manifest file '../../build/can_messenger/can_messenger.egg-info/SOURCES.txt'
[0.743s] writing manifest file '../../build/can_messenger/can_messenger.egg-info/SOURCES.txt'
[0.743s] running build
[0.743s] running build_py
[0.743s] creating /home/kohki/HONROBO_WS/can_messenger/build/can_messenger/build
[0.743s] creating /home/kohki/HONROBO_WS/can_messenger/build/can_messenger/build/lib
[0.743s] creating /home/kohki/HONROBO_WS/can_messenger/build/can_messenger/build/lib/can_messenger
[0.743s] copying can_messenger/__init__.py -> /home/kohki/HONROBO_WS/can_messenger/build/can_messenger/build/lib/can_messenger
[0.743s] copying can_messenger/can_messenger.py -> /home/kohki/HONROBO_WS/can_messenger/build/can_messenger/build/lib/can_messenger
[0.743s] creating /home/kohki/HONROBO_WS/can_messenger/build/can_messenger/build/lib/can_messenger/module
[0.743s] copying can_messenger/module/UseMessage.py -> /home/kohki/HONROBO_WS/can_messenger/build/can_messenger/build/lib/can_messenger/module
[0.743s] copying can_messenger/module/UsbCan.py -> /home/kohki/HONROBO_WS/can_messenger/build/can_messenger/build/lib/can_messenger/module
[0.743s] running install
[0.743s] running install_lib
[0.744s] creating /home/kohki/HONROBO_WS/can_messenger/install/can_messenger/lib/python3.10/site-packages/can_messenger
[0.744s] copying /home/kohki/HONROBO_WS/can_messenger/build/can_messenger/build/lib/can_messenger/__init__.py -> /home/kohki/HONROBO_WS/can_messenger/install/can_messenger/lib/python3.10/site-packages/can_messenger
[0.744s] creating /home/kohki/HONROBO_WS/can_messenger/install/can_messenger/lib/python3.10/site-packages/can_messenger/module
[0.744s] copying /home/kohki/HONROBO_WS/can_messenger/build/can_messenger/build/lib/can_messenger/module/UseMessage.py -> /home/kohki/HONROBO_WS/can_messenger/install/can_messenger/lib/python3.10/site-packages/can_messenger/module
[0.744s] copying /home/kohki/HONROBO_WS/can_messenger/build/can_messenger/build/lib/can_messenger/module/UsbCan.py -> /home/kohki/HONROBO_WS/can_messenger/install/can_messenger/lib/python3.10/site-packages/can_messenger/module
[0.744s] copying /home/kohki/HONROBO_WS/can_messenger/build/can_messenger/build/lib/can_messenger/can_messenger.py -> /home/kohki/HONROBO_WS/can_messenger/install/can_messenger/lib/python3.10/site-packages/can_messenger
[0.744s] byte-compiling /home/kohki/HONROBO_WS/can_messenger/install/can_messenger/lib/python3.10/site-packages/can_messenger/__init__.py to __init__.cpython-310.pyc
[0.745s] byte-compiling /home/kohki/HONROBO_WS/can_messenger/install/can_messenger/lib/python3.10/site-packages/can_messenger/module/UseMessage.py to UseMessage.cpython-310.pyc
[0.745s] byte-compiling /home/kohki/HONROBO_WS/can_messenger/install/can_messenger/lib/python3.10/site-packages/can_messenger/module/UsbCan.py to UsbCan.cpython-310.pyc
[0.745s] byte-compiling /home/kohki/HONROBO_WS/can_messenger/install/can_messenger/lib/python3.10/site-packages/can_messenger/can_messenger.py to can_messenger.cpython-310.pyc
[0.745s] running install_data
[0.746s] creating /home/kohki/HONROBO_WS/can_messenger/install/can_messenger/share/ament_index
[0.746s] creating /home/kohki/HONROBO_WS/can_messenger/install/can_messenger/share/ament_index/resource_index
[0.746s] creating /home/kohki/HONROBO_WS/can_messenger/install/can_messenger/share/ament_index/resource_index/packages
[0.746s] copying resource/can_messenger -> /home/kohki/HONROBO_WS/can_messenger/install/can_messenger/share/ament_index/resource_index/packages
[0.746s] copying package.xml -> /home/kohki/HONROBO_WS/can_messenger/install/can_messenger/share/can_messenger
[0.746s] running install_egg_info
[0.747s] Copying ../../build/can_messenger/can_messenger.egg-info to /home/kohki/HONROBO_WS/can_messenger/install/can_messenger/lib/python3.10/site-packages/can_messenger-0.0.0-py3.10.egg-info
[0.747s] running install_scripts
[0.761s] Installing can_messenger script to /home/kohki/HONROBO_WS/can_messenger/install/can_messenger/lib/can_messenger
[0.761s] writing list of installed files to '/home/kohki/HONROBO_WS/can_messenger/build/can_messenger/install.log'
[0.778s] Invoked command in '/home/kohki/HONROBO_WS/can_messenger/src/can_messenger' returned '0': PYTHONPATH=/home/kohki/HONROBO_WS/can_messenger/build/can_messenger/prefix_override:/home/kohki/HONROBO_WS/can_messenger/install/can_messenger/lib/python3.10/site-packages:${PYTHONPATH} /usr/bin/python3 setup.py egg_info --egg-base ../../build/can_messenger build --build-base /home/kohki/HONROBO_WS/can_messenger/build/can_messenger/build install --record /home/kohki/HONROBO_WS/can_messenger/build/can_messenger/install.log --single-version-externally-managed
