running egg_info
writing ../../build/ros_joy/ros_joy.egg-info/PKG-INFO
writing dependency_links to ../../build/ros_joy/ros_joy.egg-info/dependency_links.txt
writing entry points to ../../build/ros_joy/ros_joy.egg-info/entry_points.txt
writing requirements to ../../build/ros_joy/ros_joy.egg-info/requires.txt
writing top-level names to ../../build/ros_joy/ros_joy.egg-info/top_level.txt
reading manifest file '../../build/ros_joy/ros_joy.egg-info/SOURCES.txt'
writing manifest file '../../build/ros_joy/ros_joy.egg-info/SOURCES.txt'
running build
running build_py
copying ros_joy/module/UsbCan.py -> /home/kohki/HONROBO_WS/ros_joy/build/ros_joy/build/lib/ros_joy/module
running install
running install_lib
copying /home/kohki/HONROBO_WS/ros_joy/build/ros_joy/build/lib/ros_joy/module/UsbCan.py -> /home/kohki/HONROBO_WS/ros_joy/install/ros_joy/lib/python3.10/site-packages/ros_joy/module
byte-compiling /home/kohki/HONROBO_WS/ros_joy/install/ros_joy/lib/python3.10/site-packages/ros_joy/module/UsbCan.py to UsbCan.cpython-310.pyc
running install_data
running install_egg_info
removing '/home/kohki/HONROBO_WS/ros_joy/install/ros_joy/lib/python3.10/site-packages/ros_joy-0.0.0-py3.10.egg-info' (and everything under it)
Copying ../../build/ros_joy/ros_joy.egg-info to /home/kohki/HONROBO_WS/ros_joy/install/ros_joy/lib/python3.10/site-packages/ros_joy-0.0.0-py3.10.egg-info
running install_scripts
Installing ros_joy script to /home/kohki/HONROBO_WS/ros_joy/install/ros_joy/lib/ros_joy
writing list of installed files to '/home/kohki/HONROBO_WS/ros_joy/build/ros_joy/install.log'
