[0.588s] Invoking command in '/home/kohki/HONROBO_WS/can_messenger/src/can_messenger': PYTHONPATH=/home/kohki/HONROBO_WS/can_messenger/src/build/can_messenger/prefix_override:/home/kohki/HONROBO_WS/can_messenger/src/install/can_messenger/lib/python3.10/site-packages:${PYTHONPATH} /usr/bin/python3 setup.py egg_info --egg-base ../build/can_messenger build --build-base /home/kohki/HONROBO_WS/can_messenger/src/build/can_messenger/build install --record /home/kohki/HONROBO_WS/can_messenger/src/build/can_messenger/install.log --single-version-externally-managed
[0.754s] running egg_info
[0.754s] writing ../build/can_messenger/can_messenger.egg-info/PKG-INFO
[0.754s] writing dependency_links to ../build/can_messenger/can_messenger.egg-info/dependency_links.txt
[0.754s] writing entry points to ../build/can_messenger/can_messenger.egg-info/entry_points.txt
[0.754s] writing requirements to ../build/can_messenger/can_messenger.egg-info/requires.txt
[0.754s] writing top-level names to ../build/can_messenger/can_messenger.egg-info/top_level.txt
[0.755s] reading manifest file '../build/can_messenger/can_messenger.egg-info/SOURCES.txt'
[0.756s] writing manifest file '../build/can_messenger/can_messenger.egg-info/SOURCES.txt'
[0.756s] running build
[0.756s] running build_py
[0.756s] copying can_messenger/can_messenger.py -> /home/kohki/HONROBO_WS/can_messenger/src/build/can_messenger/build/lib/can_messenger
[0.756s] running install
[0.756s] running install_lib
[0.757s] copying /home/kohki/HONROBO_WS/can_messenger/src/build/can_messenger/build/lib/can_messenger/can_messenger.py -> /home/kohki/HONROBO_WS/can_messenger/src/install/can_messenger/lib/python3.10/site-packages/can_messenger
[0.757s] byte-compiling /home/kohki/HONROBO_WS/can_messenger/src/install/can_messenger/lib/python3.10/site-packages/can_messenger/can_messenger.py to can_messenger.cpython-310.pyc
[0.758s] running install_data
[0.758s] running install_egg_info
[0.759s] removing '/home/kohki/HONROBO_WS/can_messenger/src/install/can_messenger/lib/python3.10/site-packages/can_messenger-0.0.0-py3.10.egg-info' (and everything under it)
[0.759s] Copying ../build/can_messenger/can_messenger.egg-info to /home/kohki/HONROBO_WS/can_messenger/src/install/can_messenger/lib/python3.10/site-packages/can_messenger-0.0.0-py3.10.egg-info
[0.760s] running install_scripts
[0.772s] Installing can_messenger script to /home/kohki/HONROBO_WS/can_messenger/src/install/can_messenger/lib/can_messenger
[0.772s] writing list of installed files to '/home/kohki/HONROBO_WS/can_messenger/src/build/can_messenger/install.log'
[0.789s] Invoked command in '/home/kohki/HONROBO_WS/can_messenger/src/can_messenger' returned '0': PYTHONPATH=/home/kohki/HONROBO_WS/can_messenger/src/build/can_messenger/prefix_override:/home/kohki/HONROBO_WS/can_messenger/src/install/can_messenger/lib/python3.10/site-packages:${PYTHONPATH} /usr/bin/python3 setup.py egg_info --egg-base ../build/can_messenger build --build-base /home/kohki/HONROBO_WS/can_messenger/src/build/can_messenger/build install --record /home/kohki/HONROBO_WS/can_messenger/src/build/can_messenger/install.log --single-version-externally-managed
