[0.615s] Invoking command in '/home/kohki/HONROBO_WS/honrobo_main/src/ros_main': PYTHONPATH=/home/kohki/HONROBO_WS/honrobo_main/src/build/ros_main/prefix_override:/home/kohki/HONROBO_WS/honrobo_main/src/install/ros_main/lib/python3.10/site-packages:${PYTHONPATH} /usr/bin/python3 setup.py egg_info --egg-base ../build/ros_main build --build-base /home/kohki/HONROBO_WS/honrobo_main/src/build/ros_main/build install --record /home/kohki/HONROBO_WS/honrobo_main/src/build/ros_main/install.log --single-version-externally-managed
[0.772s] running egg_info
[0.772s] writing ../build/ros_main/ros_main.egg-info/PKG-INFO
[0.772s] writing dependency_links to ../build/ros_main/ros_main.egg-info/dependency_links.txt
[0.772s] writing entry points to ../build/ros_main/ros_main.egg-info/entry_points.txt
[0.772s] writing requirements to ../build/ros_main/ros_main.egg-info/requires.txt
[0.772s] writing top-level names to ../build/ros_main/ros_main.egg-info/top_level.txt
[0.773s] reading manifest file '../build/ros_main/ros_main.egg-info/SOURCES.txt'
[0.774s] writing manifest file '../build/ros_main/ros_main.egg-info/SOURCES.txt'
[0.774s] running build
[0.774s] running build_py
[0.774s] copying ros_main/module/realsensetools.py -> /home/kohki/HONROBO_WS/honrobo_main/src/build/ros_main/build/lib/ros_main/module
[0.774s] copying ros_main/module/recognition.py -> /home/kohki/HONROBO_WS/honrobo_main/src/build/ros_main/build/lib/ros_main/module
[0.775s] running install
[0.775s] running install_lib
[0.775s] copying /home/kohki/HONROBO_WS/honrobo_main/src/build/ros_main/build/lib/ros_main/module/realsensetools.py -> /home/kohki/HONROBO_WS/honrobo_main/src/install/ros_main/lib/python3.10/site-packages/ros_main/module
[0.775s] copying /home/kohki/HONROBO_WS/honrobo_main/src/build/ros_main/build/lib/ros_main/module/recognition.py -> /home/kohki/HONROBO_WS/honrobo_main/src/install/ros_main/lib/python3.10/site-packages/ros_main/module
[0.776s] byte-compiling /home/kohki/HONROBO_WS/honrobo_main/src/install/ros_main/lib/python3.10/site-packages/ros_main/module/realsensetools.py to realsensetools.cpython-310.pyc
[0.776s] byte-compiling /home/kohki/HONROBO_WS/honrobo_main/src/install/ros_main/lib/python3.10/site-packages/ros_main/module/recognition.py to recognition.cpython-310.pyc
[0.777s] running install_data
[0.777s] running install_egg_info
[0.778s] removing '/home/kohki/HONROBO_WS/honrobo_main/src/install/ros_main/lib/python3.10/site-packages/ros_main-0.0.0-py3.10.egg-info' (and everything under it)
[0.778s] Copying ../build/ros_main/ros_main.egg-info to /home/kohki/HONROBO_WS/honrobo_main/src/install/ros_main/lib/python3.10/site-packages/ros_main-0.0.0-py3.10.egg-info
[0.779s] running install_scripts
[0.791s] Installing ros_main script to /home/kohki/HONROBO_WS/honrobo_main/src/install/ros_main/lib/ros_main
[0.792s] writing list of installed files to '/home/kohki/HONROBO_WS/honrobo_main/src/build/ros_main/install.log'
[0.808s] Invoked command in '/home/kohki/HONROBO_WS/honrobo_main/src/ros_main' returned '0': PYTHONPATH=/home/kohki/HONROBO_WS/honrobo_main/src/build/ros_main/prefix_override:/home/kohki/HONROBO_WS/honrobo_main/src/install/ros_main/lib/python3.10/site-packages:${PYTHONPATH} /usr/bin/python3 setup.py egg_info --egg-base ../build/ros_main build --build-base /home/kohki/HONROBO_WS/honrobo_main/src/build/ros_main/build install --record /home/kohki/HONROBO_WS/honrobo_main/src/build/ros_main/install.log --single-version-externally-managed
