[0.495s] Invoking command in '/home/kohki/HONROBO_WS/joy_can/joy_can': PYTHONPATH=/home/kohki/HONROBO_WS/joy_can/build/joy_can/prefix_override:/home/kohki/HONROBO_WS/joy_can/install/joy_can/lib/python3.10/site-packages:${PYTHONPATH} /usr/bin/python3 setup.py egg_info --egg-base ../build/joy_can build --build-base /home/kohki/HONROBO_WS/joy_can/build/joy_can/build install --record /home/kohki/HONROBO_WS/joy_can/build/joy_can/install.log --single-version-externally-managed
[0.731s] running egg_info
[0.731s] creating ../build/joy_can/joy_can.egg-info
[0.731s] writing ../build/joy_can/joy_can.egg-info/PKG-INFO
[0.731s] writing dependency_links to ../build/joy_can/joy_can.egg-info/dependency_links.txt
[0.732s] writing entry points to ../build/joy_can/joy_can.egg-info/entry_points.txt
[0.732s] writing requirements to ../build/joy_can/joy_can.egg-info/requires.txt
[0.732s] writing top-level names to ../build/joy_can/joy_can.egg-info/top_level.txt
[0.732s] writing manifest file '../build/joy_can/joy_can.egg-info/SOURCES.txt'
[0.733s] reading manifest file '../build/joy_can/joy_can.egg-info/SOURCES.txt'
[0.734s] writing manifest file '../build/joy_can/joy_can.egg-info/SOURCES.txt'
[0.734s] running build
[0.734s] running build_py
[0.734s] creating /home/kohki/HONROBO_WS/joy_can/build/joy_can/build
[0.734s] creating /home/kohki/HONROBO_WS/joy_can/build/joy_can/build/lib
[0.735s] creating /home/kohki/HONROBO_WS/joy_can/build/joy_can/build/lib/joy_can
[0.735s] copying joy_can/__init__.py -> /home/kohki/HONROBO_WS/joy_can/build/joy_can/build/lib/joy_can
[0.735s] copying joy_can/joy_can.py -> /home/kohki/HONROBO_WS/joy_can/build/joy_can/build/lib/joy_can
[0.735s] creating /home/kohki/HONROBO_WS/joy_can/build/joy_can/build/lib/joy_can/module
[0.735s] copying joy_can/module/__init__.py -> /home/kohki/HONROBO_WS/joy_can/build/joy_can/build/lib/joy_can/module
[0.735s] copying joy_can/module/UseMessage.py -> /home/kohki/HONROBO_WS/joy_can/build/joy_can/build/lib/joy_can/module
[0.735s] copying joy_can/module/Switch.py -> /home/kohki/HONROBO_WS/joy_can/build/joy_can/build/lib/joy_can/module
[0.735s] copying joy_can/module/UsbCan.py -> /home/kohki/HONROBO_WS/joy_can/build/joy_can/build/lib/joy_can/module
[0.735s] running install
[0.735s] running install_lib
[0.736s] creating /home/kohki/HONROBO_WS/joy_can/install/joy_can/lib/python3.10/site-packages/joy_can
[0.736s] copying /home/kohki/HONROBO_WS/joy_can/build/joy_can/build/lib/joy_can/__init__.py -> /home/kohki/HONROBO_WS/joy_can/install/joy_can/lib/python3.10/site-packages/joy_can
[0.736s] copying /home/kohki/HONROBO_WS/joy_can/build/joy_can/build/lib/joy_can/joy_can.py -> /home/kohki/HONROBO_WS/joy_can/install/joy_can/lib/python3.10/site-packages/joy_can
[0.736s] creating /home/kohki/HONROBO_WS/joy_can/install/joy_can/lib/python3.10/site-packages/joy_can/module
[0.736s] copying /home/kohki/HONROBO_WS/joy_can/build/joy_can/build/lib/joy_can/module/__init__.py -> /home/kohki/HONROBO_WS/joy_can/install/joy_can/lib/python3.10/site-packages/joy_can/module
[0.736s] copying /home/kohki/HONROBO_WS/joy_can/build/joy_can/build/lib/joy_can/module/UseMessage.py -> /home/kohki/HONROBO_WS/joy_can/install/joy_can/lib/python3.10/site-packages/joy_can/module
[0.736s] copying /home/kohki/HONROBO_WS/joy_can/build/joy_can/build/lib/joy_can/module/Switch.py -> /home/kohki/HONROBO_WS/joy_can/install/joy_can/lib/python3.10/site-packages/joy_can/module
[0.736s] copying /home/kohki/HONROBO_WS/joy_can/build/joy_can/build/lib/joy_can/module/UsbCan.py -> /home/kohki/HONROBO_WS/joy_can/install/joy_can/lib/python3.10/site-packages/joy_can/module
[0.736s] byte-compiling /home/kohki/HONROBO_WS/joy_can/install/joy_can/lib/python3.10/site-packages/joy_can/__init__.py to __init__.cpython-310.pyc
[0.737s] byte-compiling /home/kohki/HONROBO_WS/joy_can/install/joy_can/lib/python3.10/site-packages/joy_can/joy_can.py to joy_can.cpython-310.pyc
[0.738s] byte-compiling /home/kohki/HONROBO_WS/joy_can/install/joy_can/lib/python3.10/site-packages/joy_can/module/__init__.py to __init__.cpython-310.pyc
[0.738s] byte-compiling /home/kohki/HONROBO_WS/joy_can/install/joy_can/lib/python3.10/site-packages/joy_can/module/UseMessage.py to UseMessage.cpython-310.pyc
[0.738s] byte-compiling /home/kohki/HONROBO_WS/joy_can/install/joy_can/lib/python3.10/site-packages/joy_can/module/Switch.py to Switch.cpython-310.pyc
[0.738s] byte-compiling /home/kohki/HONROBO_WS/joy_can/install/joy_can/lib/python3.10/site-packages/joy_can/module/UsbCan.py to UsbCan.cpython-310.pyc
[0.739s] running install_data
[0.739s] creating /home/kohki/HONROBO_WS/joy_can/install/joy_can/share/ament_index
[0.739s] creating /home/kohki/HONROBO_WS/joy_can/install/joy_can/share/ament_index/resource_index
[0.740s] creating /home/kohki/HONROBO_WS/joy_can/install/joy_can/share/ament_index/resource_index/packages
[0.740s] copying resource/joy_can -> /home/kohki/HONROBO_WS/joy_can/install/joy_can/share/ament_index/resource_index/packages
[0.740s] copying package.xml -> /home/kohki/HONROBO_WS/joy_can/install/joy_can/share/joy_can
[0.740s] running install_egg_info
[0.741s] Copying ../build/joy_can/joy_can.egg-info to /home/kohki/HONROBO_WS/joy_can/install/joy_can/lib/python3.10/site-packages/joy_can-0.0.0-py3.10.egg-info
[0.742s] running install_scripts
[0.756s] Installing joy_can script to /home/kohki/HONROBO_WS/joy_can/install/joy_can/lib/joy_can
[0.756s] writing list of installed files to '/home/kohki/HONROBO_WS/joy_can/build/joy_can/install.log'
[0.779s] Invoked command in '/home/kohki/HONROBO_WS/joy_can/joy_can' returned '0': PYTHONPATH=/home/kohki/HONROBO_WS/joy_can/build/joy_can/prefix_override:/home/kohki/HONROBO_WS/joy_can/install/joy_can/lib/python3.10/site-packages:${PYTHONPATH} /usr/bin/python3 setup.py egg_info --egg-base ../build/joy_can build --build-base /home/kohki/HONROBO_WS/joy_can/build/joy_can/build install --record /home/kohki/HONROBO_WS/joy_can/build/joy_can/install.log --single-version-externally-managed
