[0.662s] Invoking command in '/home/kohki/HONROBO_WS/can_messenger/src/can_messenger': PYTHONPATH=/home/kohki/HONROBO_WS/can_messenger/src/build/can_messenger/prefix_override:/home/kohki/HONROBO_WS/can_messenger/src/install/can_messenger/lib/python3.10/site-packages:${PYTHONPATH} /usr/bin/python3 setup.py egg_info --egg-base ../build/can_messenger build --build-base /home/kohki/HONROBO_WS/can_messenger/src/build/can_messenger/build install --record /home/kohki/HONROBO_WS/can_messenger/src/build/can_messenger/install.log --single-version-externally-managed
[0.836s] running egg_info
[0.837s] writing ../build/can_messenger/can_messenger.egg-info/PKG-INFO
[0.845s] writing dependency_links to ../build/can_messenger/can_messenger.egg-info/dependency_links.txt
[0.845s] writing entry points to ../build/can_messenger/can_messenger.egg-info/entry_points.txt
[0.845s] writing requirements to ../build/can_messenger/can_messenger.egg-info/requires.txt
[0.845s] writing top-level names to ../build/can_messenger/can_messenger.egg-info/top_level.txt
[0.847s] reading manifest file '../build/can_messenger/can_messenger.egg-info/SOURCES.txt'
[0.848s] writing manifest file '../build/can_messenger/can_messenger.egg-info/SOURCES.txt'
[0.848s] running build
[0.848s] running build_py
[0.848s] copying can_messenger/can_messenger.py -> /home/kohki/HONROBO_WS/can_messenger/src/build/can_messenger/build/lib/can_messenger
[0.848s] running install
[0.849s] running install_lib
[0.849s] copying /home/kohki/HONROBO_WS/can_messenger/src/build/can_messenger/build/lib/can_messenger/can_messenger.py -> /home/kohki/HONROBO_WS/can_messenger/src/install/can_messenger/lib/python3.10/site-packages/can_messenger
[0.850s] byte-compiling /home/kohki/HONROBO_WS/can_messenger/src/install/can_messenger/lib/python3.10/site-packages/can_messenger/can_messenger.py to can_messenger.cpython-310.pyc
[0.851s] running install_data
[0.851s] running install_egg_info
[0.853s] removing '/home/kohki/HONROBO_WS/can_messenger/src/install/can_messenger/lib/python3.10/site-packages/can_messenger-0.0.0-py3.10.egg-info' (and everything under it)
[0.853s] Copying ../build/can_messenger/can_messenger.egg-info to /home/kohki/HONROBO_WS/can_messenger/src/install/can_messenger/lib/python3.10/site-packages/can_messenger-0.0.0-py3.10.egg-info
[0.854s] running install_scripts
[0.869s] Installing can_messenger script to /home/kohki/HONROBO_WS/can_messenger/src/install/can_messenger/lib/can_messenger
[0.869s] writing list of installed files to '/home/kohki/HONROBO_WS/can_messenger/src/build/can_messenger/install.log'
[0.887s] Invoked command in '/home/kohki/HONROBO_WS/can_messenger/src/can_messenger' returned '0': PYTHONPATH=/home/kohki/HONROBO_WS/can_messenger/src/build/can_messenger/prefix_override:/home/kohki/HONROBO_WS/can_messenger/src/install/can_messenger/lib/python3.10/site-packages:${PYTHONPATH} /usr/bin/python3 setup.py egg_info --egg-base ../build/can_messenger build --build-base /home/kohki/HONROBO_WS/can_messenger/src/build/can_messenger/build install --record /home/kohki/HONROBO_WS/can_messenger/src/build/can_messenger/install.log --single-version-externally-managed
