running egg_info
writing ../build/realsense_pub/realsense_pub.egg-info/PKG-INFO
writing dependency_links to ../build/realsense_pub/realsense_pub.egg-info/dependency_links.txt
writing entry points to ../build/realsense_pub/realsense_pub.egg-info/entry_points.txt
writing requirements to ../build/realsense_pub/realsense_pub.egg-info/requires.txt
writing top-level names to ../build/realsense_pub/realsense_pub.egg-info/top_level.txt
reading manifest file '../build/realsense_pub/realsense_pub.egg-info/SOURCES.txt'
writing manifest file '../build/realsense_pub/realsense_pub.egg-info/SOURCES.txt'
running build
running build_py
copying realsense_pub/realsense_pub.py -> /home/kohki/HONROBO_WS/realsense_pub/src/build/realsense_pub/build/lib/realsense_pub
running install
running install_lib
copying /home/kohki/HONROBO_WS/realsense_pub/src/build/realsense_pub/build/lib/realsense_pub/realsense_pub.py -> /home/kohki/HONROBO_WS/realsense_pub/src/install/realsense_pub/lib/python3.10/site-packages/realsense_pub
byte-compiling /home/kohki/HONROBO_WS/realsense_pub/src/install/realsense_pub/lib/python3.10/site-packages/realsense_pub/realsense_pub.py to realsense_pub.cpython-310.pyc
running install_data
running install_egg_info
removing '/home/kohki/HONROBO_WS/realsense_pub/src/install/realsense_pub/lib/python3.10/site-packages/realsense_pub-0.0.0-py3.10.egg-info' (and everything under it)
Copying ../build/realsense_pub/realsense_pub.egg-info to /home/kohki/HONROBO_WS/realsense_pub/src/install/realsense_pub/lib/python3.10/site-packages/realsense_pub-0.0.0-py3.10.egg-info
running install_scripts
Installing realsense_pub script to /home/kohki/HONROBO_WS/realsense_pub/src/install/realsense_pub/lib/realsense_pub
writing list of installed files to '/home/kohki/HONROBO_WS/realsense_pub/src/build/realsense_pub/install.log'
