[0.610s] Invoking command in '/home/kohki/HONROBO_WS/auto_move/src/build/ros_cv': PYTHONPATH=/home/kohki/HONROBO_WS/auto_move/src/build/ros_cv/prefix_override:/home/kohki/HONROBO_WS/auto_move/src/install/ros_cv/lib/python3.10/site-packages:${PYTHONPATH} /usr/bin/python3 setup.py develop --uninstall --editable --build-directory /home/kohki/HONROBO_WS/auto_move/src/build/ros_cv/build
[0.788s] running develop
[0.899s] Removing /home/kohki/HONROBO_WS/auto_move/src/install/ros_cv/lib/python3.10/site-packages/ros-cv.egg-link (link to .)
[0.924s] Invoked command in '/home/kohki/HONROBO_WS/auto_move/src/build/ros_cv' returned '0': PYTHONPATH=/home/kohki/HONROBO_WS/auto_move/src/build/ros_cv/prefix_override:/home/kohki/HONROBO_WS/auto_move/src/install/ros_cv/lib/python3.10/site-packages:${PYTHONPATH} /usr/bin/python3 setup.py develop --uninstall --editable --build-directory /home/kohki/HONROBO_WS/auto_move/src/build/ros_cv/build
[0.926s] Invoking command in '/home/kohki/HONROBO_WS/auto_move/src/ros_cv': PYTHONPATH=/home/kohki/HONROBO_WS/auto_move/src/build/ros_cv/prefix_override:/home/kohki/HONROBO_WS/auto_move/src/install/ros_cv/lib/python3.10/site-packages:${PYTHONPATH} /usr/bin/python3 setup.py egg_info --egg-base ../build/ros_cv build --build-base /home/kohki/HONROBO_WS/auto_move/src/build/ros_cv/build install --record /home/kohki/HONROBO_WS/auto_move/src/build/ros_cv/install.log --single-version-externally-managed
[1.088s] running egg_info
[1.088s] writing ../build/ros_cv/ros_cv.egg-info/PKG-INFO
[1.088s] writing dependency_links to ../build/ros_cv/ros_cv.egg-info/dependency_links.txt
[1.088s] writing entry points to ../build/ros_cv/ros_cv.egg-info/entry_points.txt
[1.089s] writing requirements to ../build/ros_cv/ros_cv.egg-info/requires.txt
[1.089s] writing top-level names to ../build/ros_cv/ros_cv.egg-info/top_level.txt
[1.090s] reading manifest file '../build/ros_cv/ros_cv.egg-info/SOURCES.txt'
[1.090s] writing manifest file '../build/ros_cv/ros_cv.egg-info/SOURCES.txt'
[1.090s] running build
[1.090s] running build_py
[1.090s] copying ros_cv/ros_cv.py -> /home/kohki/HONROBO_WS/auto_move/src/build/ros_cv/build/lib/ros_cv
[1.091s] running install
[1.091s] running install_lib
[1.091s] copying /home/kohki/HONROBO_WS/auto_move/src/build/ros_cv/build/lib/ros_cv/__init__.py -> /home/kohki/HONROBO_WS/auto_move/src/install/ros_cv/lib/python3.10/site-packages/ros_cv
[1.092s] creating /home/kohki/HONROBO_WS/auto_move/src/install/ros_cv/lib/python3.10/site-packages/ros_cv/module
[1.092s] copying /home/kohki/HONROBO_WS/auto_move/src/build/ros_cv/build/lib/ros_cv/module/__init__.py -> /home/kohki/HONROBO_WS/auto_move/src/install/ros_cv/lib/python3.10/site-packages/ros_cv/module
[1.092s] copying /home/kohki/HONROBO_WS/auto_move/src/build/ros_cv/build/lib/ros_cv/module/JoyCalcTools.py -> /home/kohki/HONROBO_WS/auto_move/src/install/ros_cv/lib/python3.10/site-packages/ros_cv/module
[1.092s] copying /home/kohki/HONROBO_WS/auto_move/src/build/ros_cv/build/lib/ros_cv/ros_cv.py -> /home/kohki/HONROBO_WS/auto_move/src/install/ros_cv/lib/python3.10/site-packages/ros_cv
[1.092s] byte-compiling /home/kohki/HONROBO_WS/auto_move/src/install/ros_cv/lib/python3.10/site-packages/ros_cv/__init__.py to __init__.cpython-310.pyc
[1.092s] byte-compiling /home/kohki/HONROBO_WS/auto_move/src/install/ros_cv/lib/python3.10/site-packages/ros_cv/module/__init__.py to __init__.cpython-310.pyc
[1.092s] byte-compiling /home/kohki/HONROBO_WS/auto_move/src/install/ros_cv/lib/python3.10/site-packages/ros_cv/module/JoyCalcTools.py to JoyCalcTools.cpython-310.pyc
[1.093s] byte-compiling /home/kohki/HONROBO_WS/auto_move/src/install/ros_cv/lib/python3.10/site-packages/ros_cv/ros_cv.py to ros_cv.cpython-310.pyc
[1.093s] running install_data
[1.094s] running install_egg_info
[1.095s] Copying ../build/ros_cv/ros_cv.egg-info to /home/kohki/HONROBO_WS/auto_move/src/install/ros_cv/lib/python3.10/site-packages/ros_cv-0.0.0-py3.10.egg-info
[1.095s] running install_scripts
[1.108s] Installing ros_cv script to /home/kohki/HONROBO_WS/auto_move/src/install/ros_cv/lib/ros_cv
[1.109s] writing list of installed files to '/home/kohki/HONROBO_WS/auto_move/src/build/ros_cv/install.log'
[1.130s] Invoked command in '/home/kohki/HONROBO_WS/auto_move/src/ros_cv' returned '0': PYTHONPATH=/home/kohki/HONROBO_WS/auto_move/src/build/ros_cv/prefix_override:/home/kohki/HONROBO_WS/auto_move/src/install/ros_cv/lib/python3.10/site-packages:${PYTHONPATH} /usr/bin/python3 setup.py egg_info --egg-base ../build/ros_cv build --build-base /home/kohki/HONROBO_WS/auto_move/src/build/ros_cv/build install --record /home/kohki/HONROBO_WS/auto_move/src/build/ros_cv/install.log --single-version-externally-managed
