[0.401s] Invoking command in '/home/kohki/HONROBO_WS/ros_joy/src/ros_joy': PYTHONPATH=/home/kohki/HONROBO_WS/ros_joy/build/ros_joy/prefix_override:/home/kohki/HONROBO_WS/ros_joy/install/ros_joy/lib/python3.10/site-packages:${PYTHONPATH} /usr/bin/python3 setup.py egg_info --egg-base ../../build/ros_joy build --build-base /home/kohki/HONROBO_WS/ros_joy/build/ros_joy/build install --record /home/kohki/HONROBO_WS/ros_joy/build/ros_joy/install.log --single-version-externally-managed
[0.557s] running egg_info
[0.557s] creating ../../build/ros_joy/ros_joy.egg-info
[0.557s] writing ../../build/ros_joy/ros_joy.egg-info/PKG-INFO
[0.558s] writing dependency_links to ../../build/ros_joy/ros_joy.egg-info/dependency_links.txt
[0.558s] writing entry points to ../../build/ros_joy/ros_joy.egg-info/entry_points.txt
[0.558s] writing requirements to ../../build/ros_joy/ros_joy.egg-info/requires.txt
[0.558s] writing top-level names to ../../build/ros_joy/ros_joy.egg-info/top_level.txt
[0.558s] writing manifest file '../../build/ros_joy/ros_joy.egg-info/SOURCES.txt'
[0.559s] reading manifest file '../../build/ros_joy/ros_joy.egg-info/SOURCES.txt'
[0.560s] writing manifest file '../../build/ros_joy/ros_joy.egg-info/SOURCES.txt'
[0.560s] running build
[0.560s] running build_py
[0.560s] creating /home/kohki/HONROBO_WS/ros_joy/build/ros_joy/build
[0.560s] creating /home/kohki/HONROBO_WS/ros_joy/build/ros_joy/build/lib
[0.560s] creating /home/kohki/HONROBO_WS/ros_joy/build/ros_joy/build/lib/ros_joy
[0.560s] copying ros_joy/ros_joy.py -> /home/kohki/HONROBO_WS/ros_joy/build/ros_joy/build/lib/ros_joy
[0.560s] copying ros_joy/__init__.py -> /home/kohki/HONROBO_WS/ros_joy/build/ros_joy/build/lib/ros_joy
[0.560s] running install
[0.560s] running install_lib
[0.561s] creating /home/kohki/HONROBO_WS/ros_joy/install/ros_joy/lib/python3.10/site-packages/ros_joy
[0.561s] copying /home/kohki/HONROBO_WS/ros_joy/build/ros_joy/build/lib/ros_joy/ros_joy.py -> /home/kohki/HONROBO_WS/ros_joy/install/ros_joy/lib/python3.10/site-packages/ros_joy
[0.561s] copying /home/kohki/HONROBO_WS/ros_joy/build/ros_joy/build/lib/ros_joy/__init__.py -> /home/kohki/HONROBO_WS/ros_joy/install/ros_joy/lib/python3.10/site-packages/ros_joy
[0.561s] byte-compiling /home/kohki/HONROBO_WS/ros_joy/install/ros_joy/lib/python3.10/site-packages/ros_joy/ros_joy.py to ros_joy.cpython-310.pyc
[0.561s] byte-compiling /home/kohki/HONROBO_WS/ros_joy/install/ros_joy/lib/python3.10/site-packages/ros_joy/__init__.py to __init__.cpython-310.pyc
[0.561s] running install_data
[0.562s] creating /home/kohki/HONROBO_WS/ros_joy/install/ros_joy/share/ament_index
[0.562s] creating /home/kohki/HONROBO_WS/ros_joy/install/ros_joy/share/ament_index/resource_index
[0.562s] creating /home/kohki/HONROBO_WS/ros_joy/install/ros_joy/share/ament_index/resource_index/packages
[0.562s] copying resource/ros_joy -> /home/kohki/HONROBO_WS/ros_joy/install/ros_joy/share/ament_index/resource_index/packages
[0.562s] copying package.xml -> /home/kohki/HONROBO_WS/ros_joy/install/ros_joy/share/ros_joy
[0.562s] running install_egg_info
[0.563s] Copying ../../build/ros_joy/ros_joy.egg-info to /home/kohki/HONROBO_WS/ros_joy/install/ros_joy/lib/python3.10/site-packages/ros_joy-0.0.0-py3.10.egg-info
[0.563s] running install_scripts
[0.578s] Installing ros_joy script to /home/kohki/HONROBO_WS/ros_joy/install/ros_joy/lib/ros_joy
[0.578s] writing list of installed files to '/home/kohki/HONROBO_WS/ros_joy/build/ros_joy/install.log'
[0.597s] Invoked command in '/home/kohki/HONROBO_WS/ros_joy/src/ros_joy' returned '0': PYTHONPATH=/home/kohki/HONROBO_WS/ros_joy/build/ros_joy/prefix_override:/home/kohki/HONROBO_WS/ros_joy/install/ros_joy/lib/python3.10/site-packages:${PYTHONPATH} /usr/bin/python3 setup.py egg_info --egg-base ../../build/ros_joy build --build-base /home/kohki/HONROBO_WS/ros_joy/build/ros_joy/build install --record /home/kohki/HONROBO_WS/ros_joy/build/ros_joy/install.log --single-version-externally-managed
