running egg_info
writing ../build/ros_main/ros_main.egg-info/PKG-INFO
writing dependency_links to ../build/ros_main/ros_main.egg-info/dependency_links.txt
writing entry points to ../build/ros_main/ros_main.egg-info/entry_points.txt
writing requirements to ../build/ros_main/ros_main.egg-info/requires.txt
writing top-level names to ../build/ros_main/ros_main.egg-info/top_level.txt
reading manifest file '../build/ros_main/ros_main.egg-info/SOURCES.txt'
writing manifest file '../build/ros_main/ros_main.egg-info/SOURCES.txt'
running build
running build_py
copying ros_main/module/realsensetools.py -> /home/kohki/HONROBO_WS/honrobo_main/src/build/ros_main/build/lib/ros_main/module
running install
running install_lib
copying /home/kohki/HONROBO_WS/honrobo_main/src/build/ros_main/build/lib/ros_main/module/realsensetools.py -> /home/kohki/HONROBO_WS/honrobo_main/src/install/ros_main/lib/python3.10/site-packages/ros_main/module
byte-compiling /home/kohki/HONROBO_WS/honrobo_main/src/install/ros_main/lib/python3.10/site-packages/ros_main/module/realsensetools.py to realsensetools.cpython-310.pyc
running install_data
running install_egg_info
removing '/home/kohki/HONROBO_WS/honrobo_main/src/install/ros_main/lib/python3.10/site-packages/ros_main-0.0.0-py3.10.egg-info' (and everything under it)
Copying ../build/ros_main/ros_main.egg-info to /home/kohki/HONROBO_WS/honrobo_main/src/install/ros_main/lib/python3.10/site-packages/ros_main-0.0.0-py3.10.egg-info
running install_scripts
Installing ros_main script to /home/kohki/HONROBO_WS/honrobo_main/src/install/ros_main/lib/ros_main
writing list of installed files to '/home/kohki/HONROBO_WS/honrobo_main/src/build/ros_main/install.log'
