[0.586s] Invoking command in '/home/kohki/HONROBO_WS/auto_move/src/ros_cv': PYTHONPATH=/home/kohki/HONROBO_WS/auto_move/src/build/ros_cv/prefix_override:/home/kohki/HONROBO_WS/auto_move/src/install/ros_cv/lib/python3.10/site-packages:${PYTHONPATH} /usr/bin/python3 setup.py egg_info --egg-base ../build/ros_cv build --build-base /home/kohki/HONROBO_WS/auto_move/src/build/ros_cv/build install --record /home/kohki/HONROBO_WS/auto_move/src/build/ros_cv/install.log --single-version-externally-managed
[0.747s] running egg_info
[0.747s] writing ../build/ros_cv/ros_cv.egg-info/PKG-INFO
[0.748s] writing dependency_links to ../build/ros_cv/ros_cv.egg-info/dependency_links.txt
[0.748s] writing entry points to ../build/ros_cv/ros_cv.egg-info/entry_points.txt
[0.748s] writing requirements to ../build/ros_cv/ros_cv.egg-info/requires.txt
[0.748s] writing top-level names to ../build/ros_cv/ros_cv.egg-info/top_level.txt
[0.749s] reading manifest file '../build/ros_cv/ros_cv.egg-info/SOURCES.txt'
[0.749s] writing manifest file '../build/ros_cv/ros_cv.egg-info/SOURCES.txt'
[0.749s] running build
[0.749s] running build_py
[0.750s] running install
[0.750s] running install_lib
[0.751s] running install_data
[0.751s] running install_egg_info
[0.752s] removing '/home/kohki/HONROBO_WS/auto_move/src/install/ros_cv/lib/python3.10/site-packages/ros_cv-0.0.0-py3.10.egg-info' (and everything under it)
[0.752s] Copying ../build/ros_cv/ros_cv.egg-info to /home/kohki/HONROBO_WS/auto_move/src/install/ros_cv/lib/python3.10/site-packages/ros_cv-0.0.0-py3.10.egg-info
[0.756s] running install_scripts
[0.768s] Installing ros_cv script to /home/kohki/HONROBO_WS/auto_move/src/install/ros_cv/lib/ros_cv
[0.768s] writing list of installed files to '/home/kohki/HONROBO_WS/auto_move/src/build/ros_cv/install.log'
[0.784s] Invoked command in '/home/kohki/HONROBO_WS/auto_move/src/ros_cv' returned '0': PYTHONPATH=/home/kohki/HONROBO_WS/auto_move/src/build/ros_cv/prefix_override:/home/kohki/HONROBO_WS/auto_move/src/install/ros_cv/lib/python3.10/site-packages:${PYTHONPATH} /usr/bin/python3 setup.py egg_info --egg-base ../build/ros_cv build --build-base /home/kohki/HONROBO_WS/auto_move/src/build/ros_cv/build install --record /home/kohki/HONROBO_WS/auto_move/src/build/ros_cv/install.log --single-version-externally-managed
