[0.382s] Invoking command in '/home/kohki/HONROBO_WS/ros_joy/src/ros_joy': PYTHONPATH=/home/kohki/HONROBO_WS/ros_joy/build/ros_joy/prefix_override:/home/kohki/HONROBO_WS/ros_joy/install/ros_joy/lib/python3.10/site-packages:${PYTHONPATH} /usr/bin/python3 setup.py egg_info --egg-base ../../build/ros_joy build --build-base /home/kohki/HONROBO_WS/ros_joy/build/ros_joy/build install --record /home/kohki/HONROBO_WS/ros_joy/build/ros_joy/install.log --single-version-externally-managed
[0.535s] running egg_info
[0.535s] writing ../../build/ros_joy/ros_joy.egg-info/PKG-INFO
[0.536s] writing dependency_links to ../../build/ros_joy/ros_joy.egg-info/dependency_links.txt
[0.536s] writing entry points to ../../build/ros_joy/ros_joy.egg-info/entry_points.txt
[0.536s] writing requirements to ../../build/ros_joy/ros_joy.egg-info/requires.txt
[0.536s] writing top-level names to ../../build/ros_joy/ros_joy.egg-info/top_level.txt
[0.537s] file ros_joy.py (for module ros_joy) not found
[0.537s] file ros_joy/module.py (for module ros_joy/module) not found
[0.537s] reading manifest file '../../build/ros_joy/ros_joy.egg-info/SOURCES.txt'
[0.538s] writing manifest file '../../build/ros_joy/ros_joy.egg-info/SOURCES.txt'
[0.538s] running build
[0.538s] file ros_joy.py (for module ros_joy) not found
[0.538s] file ros_joy/module.py (for module ros_joy/module) not found
[0.538s] file ros_joy.py (for module ros_joy) not found
[0.538s] file ros_joy/module.py (for module ros_joy/module) not found
[0.538s] running build_py
[0.538s] running install
[0.538s] running install_lib
[0.539s] running install_data
[0.539s] running install_egg_info
[0.540s] removing '/home/kohki/HONROBO_WS/ros_joy/install/ros_joy/lib/python3.10/site-packages/ros_joy-0.0.0-py3.10.egg-info' (and everything under it)
[0.540s] Copying ../../build/ros_joy/ros_joy.egg-info to /home/kohki/HONROBO_WS/ros_joy/install/ros_joy/lib/python3.10/site-packages/ros_joy-0.0.0-py3.10.egg-info
[0.541s] running install_scripts
[0.555s] Installing ros_joy script to /home/kohki/HONROBO_WS/ros_joy/install/ros_joy/lib/ros_joy
[0.555s] file ros_joy.py (for module ros_joy) not found
[0.555s] file ros_joy/module.py (for module ros_joy/module) not found
[0.555s] writing list of installed files to '/home/kohki/HONROBO_WS/ros_joy/build/ros_joy/install.log'
[0.576s] Invoked command in '/home/kohki/HONROBO_WS/ros_joy/src/ros_joy' returned '0': PYTHONPATH=/home/kohki/HONROBO_WS/ros_joy/build/ros_joy/prefix_override:/home/kohki/HONROBO_WS/ros_joy/install/ros_joy/lib/python3.10/site-packages:${PYTHONPATH} /usr/bin/python3 setup.py egg_info --egg-base ../../build/ros_joy build --build-base /home/kohki/HONROBO_WS/ros_joy/build/ros_joy/build install --record /home/kohki/HONROBO_WS/ros_joy/build/ros_joy/install.log --single-version-externally-managed
