[0.526s] Invoking command in '/home/kohki/HONROBO_WS/auto_move/src/ros_cv': PYTHONPATH=/home/kohki/HONROBO_WS/auto_move/src/build/ros_cv/prefix_override:/home/kohki/HONROBO_WS/auto_move/src/install/ros_cv/lib/python3.10/site-packages:${PYTHONPATH} /usr/bin/python3 setup.py egg_info --egg-base ../build/ros_cv build --build-base /home/kohki/HONROBO_WS/auto_move/src/build/ros_cv/build install --record /home/kohki/HONROBO_WS/auto_move/src/build/ros_cv/install.log --single-version-externally-managed
[0.715s] running egg_info
[0.715s] writing ../build/ros_cv/ros_cv.egg-info/PKG-INFO
[0.716s] writing dependency_links to ../build/ros_cv/ros_cv.egg-info/dependency_links.txt
[0.716s] writing entry points to ../build/ros_cv/ros_cv.egg-info/entry_points.txt
[0.716s] writing requirements to ../build/ros_cv/ros_cv.egg-info/requires.txt
[0.716s] writing top-level names to ../build/ros_cv/ros_cv.egg-info/top_level.txt
[0.717s] reading manifest file '../build/ros_cv/ros_cv.egg-info/SOURCES.txt'
[0.717s] writing manifest file '../build/ros_cv/ros_cv.egg-info/SOURCES.txt'
[0.718s] running build
[0.718s] running build_py
[0.718s] copying ros_cv/ros_cv.py -> /home/kohki/HONROBO_WS/auto_move/src/build/ros_cv/build/lib/ros_cv
[0.718s] running install
[0.718s] running install_lib
[0.719s] copying /home/kohki/HONROBO_WS/auto_move/src/build/ros_cv/build/lib/ros_cv/ros_cv.py -> /home/kohki/HONROBO_WS/auto_move/src/install/ros_cv/lib/python3.10/site-packages/ros_cv
[0.719s] byte-compiling /home/kohki/HONROBO_WS/auto_move/src/install/ros_cv/lib/python3.10/site-packages/ros_cv/ros_cv.py to ros_cv.cpython-310.pyc
[0.720s] running install_data
[0.721s] running install_egg_info
[0.722s] removing '/home/kohki/HONROBO_WS/auto_move/src/install/ros_cv/lib/python3.10/site-packages/ros_cv-0.0.0-py3.10.egg-info' (and everything under it)
[0.722s] Copying ../build/ros_cv/ros_cv.egg-info to /home/kohki/HONROBO_WS/auto_move/src/install/ros_cv/lib/python3.10/site-packages/ros_cv-0.0.0-py3.10.egg-info
[0.723s] running install_scripts
[0.737s] Installing ros_cv script to /home/kohki/HONROBO_WS/auto_move/src/install/ros_cv/lib/ros_cv
[0.737s] writing list of installed files to '/home/kohki/HONROBO_WS/auto_move/src/build/ros_cv/install.log'
[0.756s] Invoked command in '/home/kohki/HONROBO_WS/auto_move/src/ros_cv' returned '0': PYTHONPATH=/home/kohki/HONROBO_WS/auto_move/src/build/ros_cv/prefix_override:/home/kohki/HONROBO_WS/auto_move/src/install/ros_cv/lib/python3.10/site-packages:${PYTHONPATH} /usr/bin/python3 setup.py egg_info --egg-base ../build/ros_cv build --build-base /home/kohki/HONROBO_WS/auto_move/src/build/ros_cv/build install --record /home/kohki/HONROBO_WS/auto_move/src/build/ros_cv/install.log --single-version-externally-managed
