[0.390s] Invoking command in '/home/kohki/HONROBO_WS/ros_joy/src/ros_joy': PYTHONPATH=/home/kohki/HONROBO_WS/ros_joy/build/ros_joy/prefix_override:/home/kohki/HONROBO_WS/ros_joy/install/ros_joy/lib/python3.10/site-packages:${PYTHONPATH} /usr/bin/python3 setup.py egg_info --egg-base ../../build/ros_joy build --build-base /home/kohki/HONROBO_WS/ros_joy/build/ros_joy/build install --record /home/kohki/HONROBO_WS/ros_joy/build/ros_joy/install.log --single-version-externally-managed
[0.549s] running egg_info
[0.549s] writing ../../build/ros_joy/ros_joy.egg-info/PKG-INFO
[0.549s] writing dependency_links to ../../build/ros_joy/ros_joy.egg-info/dependency_links.txt
[0.550s] writing entry points to ../../build/ros_joy/ros_joy.egg-info/entry_points.txt
[0.550s] writing requirements to ../../build/ros_joy/ros_joy.egg-info/requires.txt
[0.550s] writing top-level names to ../../build/ros_joy/ros_joy.egg-info/top_level.txt
[0.550s] file ros_joy.py (for module ros_joy) not found
[0.550s] file ros_joy/module.py (for module ros_joy.module) not found
[0.550s] reading manifest file '../../build/ros_joy/ros_joy.egg-info/SOURCES.txt'
[0.551s] writing manifest file '../../build/ros_joy/ros_joy.egg-info/SOURCES.txt'
[0.551s] running build
[0.551s] running build_py
[0.551s] file ros_joy.py (for module ros_joy) not found
[0.551s] file ros_joy/module.py (for module ros_joy.module) not found
[0.551s] file ros_joy.py (for module ros_joy) not found
[0.551s] file ros_joy/module.py (for module ros_joy.module) not found
[0.551s] running install
[0.551s] running install_lib
[0.552s] running install_data
[0.553s] running install_egg_info
[0.554s] removing '/home/kohki/HONROBO_WS/ros_joy/install/ros_joy/lib/python3.10/site-packages/ros_joy-0.0.0-py3.10.egg-info' (and everything under it)
[0.554s] Copying ../../build/ros_joy/ros_joy.egg-info to /home/kohki/HONROBO_WS/ros_joy/install/ros_joy/lib/python3.10/site-packages/ros_joy-0.0.0-py3.10.egg-info
[0.555s] running install_scripts
[0.569s] Installing ros_joy script to /home/kohki/HONROBO_WS/ros_joy/install/ros_joy/lib/ros_joy
[0.569s] file ros_joy.py (for module ros_joy) not found
[0.569s] file ros_joy/module.py (for module ros_joy.module) not found
[0.569s] writing list of installed files to '/home/kohki/HONROBO_WS/ros_joy/build/ros_joy/install.log'
[0.592s] Invoked command in '/home/kohki/HONROBO_WS/ros_joy/src/ros_joy' returned '0': PYTHONPATH=/home/kohki/HONROBO_WS/ros_joy/build/ros_joy/prefix_override:/home/kohki/HONROBO_WS/ros_joy/install/ros_joy/lib/python3.10/site-packages:${PYTHONPATH} /usr/bin/python3 setup.py egg_info --egg-base ../../build/ros_joy build --build-base /home/kohki/HONROBO_WS/ros_joy/build/ros_joy/build install --record /home/kohki/HONROBO_WS/ros_joy/build/ros_joy/install.log --single-version-externally-managed
