[0.653s] Invoking command in '/home/kohki/HONROBO_WS/ros_joy': PYTHONPATH=/home/kohki/HONROBO_WS/ros_joy/build/ros_joy/prefix_override:/home/kohki/HONROBO_WS/ros_joy/install/ros_joy/lib/python3.10/site-packages:${PYTHONPATH} /usr/bin/python3 setup.py egg_info --egg-base build/ros_joy build --build-base /home/kohki/HONROBO_WS/ros_joy/build/ros_joy/build install --record /home/kohki/HONROBO_WS/ros_joy/build/ros_joy/install.log --single-version-externally-managed
[0.825s] running egg_info
[0.825s] creating build/ros_joy/ros_joy.egg-info
[0.825s] writing build/ros_joy/ros_joy.egg-info/PKG-INFO
[0.825s] writing dependency_links to build/ros_joy/ros_joy.egg-info/dependency_links.txt
[0.825s] writing entry points to build/ros_joy/ros_joy.egg-info/entry_points.txt
[0.825s] writing requirements to build/ros_joy/ros_joy.egg-info/requires.txt
[0.825s] writing top-level names to build/ros_joy/ros_joy.egg-info/top_level.txt
[0.826s] writing manifest file 'build/ros_joy/ros_joy.egg-info/SOURCES.txt'
[0.827s] reading manifest file 'build/ros_joy/ros_joy.egg-info/SOURCES.txt'
[0.827s] writing manifest file 'build/ros_joy/ros_joy.egg-info/SOURCES.txt'
[0.827s] running build
[0.827s] running build_py
[0.827s] creating /home/kohki/HONROBO_WS/ros_joy/build/ros_joy/build
[0.827s] creating /home/kohki/HONROBO_WS/ros_joy/build/ros_joy/build/lib
[0.827s] creating /home/kohki/HONROBO_WS/ros_joy/build/ros_joy/build/lib/ros_joy
[0.828s] copying ros_joy/ros_joy.py -> /home/kohki/HONROBO_WS/ros_joy/build/ros_joy/build/lib/ros_joy
[0.828s] copying ros_joy/__init__.py -> /home/kohki/HONROBO_WS/ros_joy/build/ros_joy/build/lib/ros_joy
[0.828s] creating /home/kohki/HONROBO_WS/ros_joy/build/ros_joy/build/lib/ros_joy/module
[0.828s] copying ros_joy/module/__init__.py -> /home/kohki/HONROBO_WS/ros_joy/build/ros_joy/build/lib/ros_joy/module
[0.828s] copying ros_joy/module/JoyCalcTools.py -> /home/kohki/HONROBO_WS/ros_joy/build/ros_joy/build/lib/ros_joy/module
[0.828s] copying ros_joy/module/Switch.py -> /home/kohki/HONROBO_WS/ros_joy/build/ros_joy/build/lib/ros_joy/module
[0.828s] running install
[0.828s] running install_lib
[0.828s] creating /home/kohki/HONROBO_WS/ros_joy/install/ros_joy/lib/python3.10/site-packages/ros_joy
[0.835s] copying /home/kohki/HONROBO_WS/ros_joy/build/ros_joy/build/lib/ros_joy/ros_joy.py -> /home/kohki/HONROBO_WS/ros_joy/install/ros_joy/lib/python3.10/site-packages/ros_joy
[0.835s] copying /home/kohki/HONROBO_WS/ros_joy/build/ros_joy/build/lib/ros_joy/__init__.py -> /home/kohki/HONROBO_WS/ros_joy/install/ros_joy/lib/python3.10/site-packages/ros_joy
[0.835s] creating /home/kohki/HONROBO_WS/ros_joy/install/ros_joy/lib/python3.10/site-packages/ros_joy/module
[0.835s] copying /home/kohki/HONROBO_WS/ros_joy/build/ros_joy/build/lib/ros_joy/module/__init__.py -> /home/kohki/HONROBO_WS/ros_joy/install/ros_joy/lib/python3.10/site-packages/ros_joy/module
[0.835s] copying /home/kohki/HONROBO_WS/ros_joy/build/ros_joy/build/lib/ros_joy/module/JoyCalcTools.py -> /home/kohki/HONROBO_WS/ros_joy/install/ros_joy/lib/python3.10/site-packages/ros_joy/module
[0.835s] copying /home/kohki/HONROBO_WS/ros_joy/build/ros_joy/build/lib/ros_joy/module/Switch.py -> /home/kohki/HONROBO_WS/ros_joy/install/ros_joy/lib/python3.10/site-packages/ros_joy/module
[0.835s] byte-compiling /home/kohki/HONROBO_WS/ros_joy/install/ros_joy/lib/python3.10/site-packages/ros_joy/ros_joy.py to ros_joy.cpython-310.pyc
[0.836s] byte-compiling /home/kohki/HONROBO_WS/ros_joy/install/ros_joy/lib/python3.10/site-packages/ros_joy/__init__.py to __init__.cpython-310.pyc
[0.836s] byte-compiling /home/kohki/HONROBO_WS/ros_joy/install/ros_joy/lib/python3.10/site-packages/ros_joy/module/__init__.py to __init__.cpython-310.pyc
[0.836s] byte-compiling /home/kohki/HONROBO_WS/ros_joy/install/ros_joy/lib/python3.10/site-packages/ros_joy/module/JoyCalcTools.py to JoyCalcTools.cpython-310.pyc
[0.836s] byte-compiling /home/kohki/HONROBO_WS/ros_joy/install/ros_joy/lib/python3.10/site-packages/ros_joy/module/Switch.py to Switch.cpython-310.pyc
[0.837s] running install_data
[0.837s] creating /home/kohki/HONROBO_WS/ros_joy/install/ros_joy/share/ament_index
[0.837s] creating /home/kohki/HONROBO_WS/ros_joy/install/ros_joy/share/ament_index/resource_index
[0.837s] creating /home/kohki/HONROBO_WS/ros_joy/install/ros_joy/share/ament_index/resource_index/packages
[0.837s] copying resource/ros_joy -> /home/kohki/HONROBO_WS/ros_joy/install/ros_joy/share/ament_index/resource_index/packages
[0.837s] copying package.xml -> /home/kohki/HONROBO_WS/ros_joy/install/ros_joy/share/ros_joy
[0.837s] running install_egg_info
[0.838s] Copying build/ros_joy/ros_joy.egg-info to /home/kohki/HONROBO_WS/ros_joy/install/ros_joy/lib/python3.10/site-packages/ros_joy-0.0.0-py3.10.egg-info
[0.839s] running install_scripts
[0.851s] Installing ros_joy script to /home/kohki/HONROBO_WS/ros_joy/install/ros_joy/lib/ros_joy
[0.851s] writing list of installed files to '/home/kohki/HONROBO_WS/ros_joy/build/ros_joy/install.log'
[0.870s] Invoked command in '/home/kohki/HONROBO_WS/ros_joy' returned '0': PYTHONPATH=/home/kohki/HONROBO_WS/ros_joy/build/ros_joy/prefix_override:/home/kohki/HONROBO_WS/ros_joy/install/ros_joy/lib/python3.10/site-packages:${PYTHONPATH} /usr/bin/python3 setup.py egg_info --egg-base build/ros_joy build --build-base /home/kohki/HONROBO_WS/ros_joy/build/ros_joy/build install --record /home/kohki/HONROBO_WS/ros_joy/build/ros_joy/install.log --single-version-externally-managed
