[0.628s] Invoking command in '/home/kohki/HONROBO_WS/realsense_pub/src/realsense_pub': PYTHONPATH=/home/kohki/HONROBO_WS/realsense_pub/src/build/realsense_pub/prefix_override:/home/kohki/HONROBO_WS/realsense_pub/src/install/realsense_pub/lib/python3.10/site-packages:${PYTHONPATH} /usr/bin/python3 setup.py egg_info --egg-base ../build/realsense_pub build --build-base /home/kohki/HONROBO_WS/realsense_pub/src/build/realsense_pub/build install --record /home/kohki/HONROBO_WS/realsense_pub/src/build/realsense_pub/install.log --single-version-externally-managed
[0.793s] running egg_info
[0.793s] writing ../build/realsense_pub/realsense_pub.egg-info/PKG-INFO
[0.793s] writing dependency_links to ../build/realsense_pub/realsense_pub.egg-info/dependency_links.txt
[0.793s] writing entry points to ../build/realsense_pub/realsense_pub.egg-info/entry_points.txt
[0.793s] writing requirements to ../build/realsense_pub/realsense_pub.egg-info/requires.txt
[0.793s] writing top-level names to ../build/realsense_pub/realsense_pub.egg-info/top_level.txt
[0.794s] reading manifest file '../build/realsense_pub/realsense_pub.egg-info/SOURCES.txt'
[0.801s] writing manifest file '../build/realsense_pub/realsense_pub.egg-info/SOURCES.txt'
[0.801s] running build
[0.801s] running build_py
[0.801s] copying realsense_pub/realsense_pub.py -> /home/kohki/HONROBO_WS/realsense_pub/src/build/realsense_pub/build/lib/realsense_pub
[0.802s] running install
[0.802s] running install_lib
[0.802s] copying /home/kohki/HONROBO_WS/realsense_pub/src/build/realsense_pub/build/lib/realsense_pub/realsense_pub.py -> /home/kohki/HONROBO_WS/realsense_pub/src/install/realsense_pub/lib/python3.10/site-packages/realsense_pub
[0.803s] byte-compiling /home/kohki/HONROBO_WS/realsense_pub/src/install/realsense_pub/lib/python3.10/site-packages/realsense_pub/realsense_pub.py to realsense_pub.cpython-310.pyc
[0.803s] running install_data
[0.804s] running install_egg_info
[0.805s] removing '/home/kohki/HONROBO_WS/realsense_pub/src/install/realsense_pub/lib/python3.10/site-packages/realsense_pub-0.0.0-py3.10.egg-info' (and everything under it)
[0.805s] Copying ../build/realsense_pub/realsense_pub.egg-info to /home/kohki/HONROBO_WS/realsense_pub/src/install/realsense_pub/lib/python3.10/site-packages/realsense_pub-0.0.0-py3.10.egg-info
[0.805s] running install_scripts
[0.820s] Installing realsense_pub script to /home/kohki/HONROBO_WS/realsense_pub/src/install/realsense_pub/lib/realsense_pub
[0.820s] writing list of installed files to '/home/kohki/HONROBO_WS/realsense_pub/src/build/realsense_pub/install.log'
[0.838s] Invoked command in '/home/kohki/HONROBO_WS/realsense_pub/src/realsense_pub' returned '0': PYTHONPATH=/home/kohki/HONROBO_WS/realsense_pub/src/build/realsense_pub/prefix_override:/home/kohki/HONROBO_WS/realsense_pub/src/install/realsense_pub/lib/python3.10/site-packages:${PYTHONPATH} /usr/bin/python3 setup.py egg_info --egg-base ../build/realsense_pub build --build-base /home/kohki/HONROBO_WS/realsense_pub/src/build/realsense_pub/build install --record /home/kohki/HONROBO_WS/realsense_pub/src/build/realsense_pub/install.log --single-version-externally-managed
