/home/kohki/HONROBO_WS/can_messenger/install/can_messenger/lib/python3.10/site-packages/can_messenger/__init__.py
/home/kohki/HONROBO_WS/can_messenger/install/can_messenger/lib/python3.10/site-packages/can_messenger/can_messenger.py
/home/kohki/HONROBO_WS/can_messenger/install/can_messenger/lib/python3.10/site-packages/can_messenger/module/__init__.py
/home/kohki/HONROBO_WS/can_messenger/install/can_messenger/lib/python3.10/site-packages/can_messenger/module/UseMessage.py
/home/kohki/HONROBO_WS/can_messenger/install/can_messenger/lib/python3.10/site-packages/can_messenger/module/UsbCan.py
/home/kohki/HONROBO_WS/can_messenger/install/can_messenger/lib/python3.10/site-packages/can_messenger/__pycache__/__init__.cpython-310.pyc
/home/kohki/HONROBO_WS/can_messenger/install/can_messenger/lib/python3.10/site-packages/can_messenger/__pycache__/can_messenger.cpython-310.pyc
/home/kohki/HONROBO_WS/can_messenger/install/can_messenger/lib/python3.10/site-packages/can_messenger/module/__pycache__/__init__.cpython-310.pyc
/home/kohki/HONROBO_WS/can_messenger/install/can_messenger/lib/python3.10/site-packages/can_messenger/module/__pycache__/UseMessage.cpython-310.pyc
/home/kohki/HONROBO_WS/can_messenger/install/can_messenger/lib/python3.10/site-packages/can_messenger/module/__pycache__/UsbCan.cpython-310.pyc
/home/kohki/HONROBO_WS/can_messenger/install/can_messenger/share/ament_index/resource_index/packages/can_messenger
/home/kohki/HONROBO_WS/can_messenger/install/can_messenger/share/can_messenger/package.xml
/home/kohki/HONROBO_WS/can_messenger/install/can_messenger/lib/python3.10/site-packages/can_messenger-0.0.0-py3.10.egg-info/top_level.txt
/home/kohki/HONROBO_WS/can_messenger/install/can_messenger/lib/python3.10/site-packages/can_messenger-0.0.0-py3.10.egg-info/SOURCES.txt
/home/kohki/HONROBO_WS/can_messenger/install/can_messenger/lib/python3.10/site-packages/can_messenger-0.0.0-py3.10.egg-info/dependency_links.txt
/home/kohki/HONROBO_WS/can_messenger/install/can_messenger/lib/python3.10/site-packages/can_messenger-0.0.0-py3.10.egg-info/requires.txt
/home/kohki/HONROBO_WS/can_messenger/install/can_messenger/lib/python3.10/site-packages/can_messenger-0.0.0-py3.10.egg-info/PKG-INFO
/home/kohki/HONROBO_WS/can_messenger/install/can_messenger/lib/python3.10/site-packages/can_messenger-0.0.0-py3.10.egg-info/entry_points.txt
/home/kohki/HONROBO_WS/can_messenger/install/can_messenger/lib/python3.10/site-packages/can_messenger-0.0.0-py3.10.egg-info/zip-safe
/home/kohki/HONROBO_WS/can_messenger/install/can_messenger/lib/can_messenger/can_messenger
