[0.644s] Invoking command in '/home/kohki/HONROBO_WS/honrobo_main/src/ros_main': PYTHONPATH=/home/kohki/HONROBO_WS/honrobo_main/src/build/ros_main/prefix_override:/home/kohki/HONROBO_WS/honrobo_main/src/install/ros_main/lib/python3.10/site-packages:${PYTHONPATH} /usr/bin/python3 setup.py egg_info --egg-base ../build/ros_main build --build-base /home/kohki/HONROBO_WS/honrobo_main/src/build/ros_main/build install --record /home/kohki/HONROBO_WS/honrobo_main/src/build/ros_main/install.log --single-version-externally-managed
[0.800s] running egg_info
[0.800s] writing ../build/ros_main/ros_main.egg-info/PKG-INFO
[0.800s] writing dependency_links to ../build/ros_main/ros_main.egg-info/dependency_links.txt
[0.800s] writing entry points to ../build/ros_main/ros_main.egg-info/entry_points.txt
[0.800s] writing requirements to ../build/ros_main/ros_main.egg-info/requires.txt
[0.800s] writing top-level names to ../build/ros_main/ros_main.egg-info/top_level.txt
[0.801s] reading manifest file '../build/ros_main/ros_main.egg-info/SOURCES.txt'
[0.802s] writing manifest file '../build/ros_main/ros_main.egg-info/SOURCES.txt'
[0.802s] running build
[0.802s] running build_py
[0.802s] copying ros_main/ros_main.py -> /home/kohki/HONROBO_WS/honrobo_main/src/build/ros_main/build/lib/ros_main
[0.803s] running install
[0.803s] running install_lib
[0.803s] copying /home/kohki/HONROBO_WS/honrobo_main/src/build/ros_main/build/lib/ros_main/ros_main.py -> /home/kohki/HONROBO_WS/honrobo_main/src/install/ros_main/lib/python3.10/site-packages/ros_main
[0.804s] byte-compiling /home/kohki/HONROBO_WS/honrobo_main/src/install/ros_main/lib/python3.10/site-packages/ros_main/ros_main.py to ros_main.cpython-310.pyc
[0.804s] running install_data
[0.805s] running install_egg_info
[0.806s] removing '/home/kohki/HONROBO_WS/honrobo_main/src/install/ros_main/lib/python3.10/site-packages/ros_main-0.0.0-py3.10.egg-info' (and everything under it)
[0.806s] Copying ../build/ros_main/ros_main.egg-info to /home/kohki/HONROBO_WS/honrobo_main/src/install/ros_main/lib/python3.10/site-packages/ros_main-0.0.0-py3.10.egg-info
[0.806s] running install_scripts
[0.819s] Installing ros_main script to /home/kohki/HONROBO_WS/honrobo_main/src/install/ros_main/lib/ros_main
[0.819s] writing list of installed files to '/home/kohki/HONROBO_WS/honrobo_main/src/build/ros_main/install.log'
[0.836s] Invoked command in '/home/kohki/HONROBO_WS/honrobo_main/src/ros_main' returned '0': PYTHONPATH=/home/kohki/HONROBO_WS/honrobo_main/src/build/ros_main/prefix_override:/home/kohki/HONROBO_WS/honrobo_main/src/install/ros_main/lib/python3.10/site-packages:${PYTHONPATH} /usr/bin/python3 setup.py egg_info --egg-base ../build/ros_main build --build-base /home/kohki/HONROBO_WS/honrobo_main/src/build/ros_main/build install --record /home/kohki/HONROBO_WS/honrobo_main/src/build/ros_main/install.log --single-version-externally-managed
