[0.658s] Invoking command in '/home/kohki/HONROBO_WS/honrobo_main/src/ros_main': PYTHONPATH=/home/kohki/HONROBO_WS/honrobo_main/src/build/ros_main/prefix_override:/home/kohki/HONROBO_WS/honrobo_main/src/install/ros_main/lib/python3.10/site-packages:${PYTHONPATH} /usr/bin/python3 setup.py egg_info --egg-base ../build/ros_main build --build-base /home/kohki/HONROBO_WS/honrobo_main/src/build/ros_main/build install --record /home/kohki/HONROBO_WS/honrobo_main/src/build/ros_main/install.log --single-version-externally-managed
[0.886s] running egg_info
[0.886s] creating ../build/ros_main/ros_main.egg-info
[0.886s] writing ../build/ros_main/ros_main.egg-info/PKG-INFO
[0.886s] writing dependency_links to ../build/ros_main/ros_main.egg-info/dependency_links.txt
[0.886s] writing entry points to ../build/ros_main/ros_main.egg-info/entry_points.txt
[0.886s] writing requirements to ../build/ros_main/ros_main.egg-info/requires.txt
[0.886s] writing top-level names to ../build/ros_main/ros_main.egg-info/top_level.txt
[0.886s] writing manifest file '../build/ros_main/ros_main.egg-info/SOURCES.txt'
[0.887s] reading manifest file '../build/ros_main/ros_main.egg-info/SOURCES.txt'
[0.888s] writing manifest file '../build/ros_main/ros_main.egg-info/SOURCES.txt'
[0.888s] running build
[0.888s] running build_py
[0.888s] creating /home/kohki/HONROBO_WS/honrobo_main/src/build/ros_main/build
[0.888s] creating /home/kohki/HONROBO_WS/honrobo_main/src/build/ros_main/build/lib
[0.888s] creating /home/kohki/HONROBO_WS/honrobo_main/src/build/ros_main/build/lib/ros_main
[0.888s] copying ros_main/__init__.py -> /home/kohki/HONROBO_WS/honrobo_main/src/build/ros_main/build/lib/ros_main
[0.888s] copying ros_main/ros_main.py -> /home/kohki/HONROBO_WS/honrobo_main/src/build/ros_main/build/lib/ros_main
[0.888s] creating /home/kohki/HONROBO_WS/honrobo_main/src/build/ros_main/build/lib/ros_main/module
[0.888s] copying ros_main/module/__init__.py -> /home/kohki/HONROBO_WS/honrobo_main/src/build/ros_main/build/lib/ros_main/module
[0.888s] copying ros_main/module/JoyCalcTools.py -> /home/kohki/HONROBO_WS/honrobo_main/src/build/ros_main/build/lib/ros_main/module
[0.888s] copying ros_main/module/realsensetools.py -> /home/kohki/HONROBO_WS/honrobo_main/src/build/ros_main/build/lib/ros_main/module
[0.888s] copying ros_main/module/Switch.py -> /home/kohki/HONROBO_WS/honrobo_main/src/build/ros_main/build/lib/ros_main/module
[0.889s] copying ros_main/module/recognition.py -> /home/kohki/HONROBO_WS/honrobo_main/src/build/ros_main/build/lib/ros_main/module
[0.889s] running install
[0.889s] running install_lib
[0.889s] creating /home/kohki/HONROBO_WS/honrobo_main/src/install/ros_main/lib/python3.10/site-packages/ros_main
[0.889s] copying /home/kohki/HONROBO_WS/honrobo_main/src/build/ros_main/build/lib/ros_main/__init__.py -> /home/kohki/HONROBO_WS/honrobo_main/src/install/ros_main/lib/python3.10/site-packages/ros_main
[0.889s] creating /home/kohki/HONROBO_WS/honrobo_main/src/install/ros_main/lib/python3.10/site-packages/ros_main/module
[0.889s] copying /home/kohki/HONROBO_WS/honrobo_main/src/build/ros_main/build/lib/ros_main/module/__init__.py -> /home/kohki/HONROBO_WS/honrobo_main/src/install/ros_main/lib/python3.10/site-packages/ros_main/module
[0.889s] copying /home/kohki/HONROBO_WS/honrobo_main/src/build/ros_main/build/lib/ros_main/module/JoyCalcTools.py -> /home/kohki/HONROBO_WS/honrobo_main/src/install/ros_main/lib/python3.10/site-packages/ros_main/module
[0.889s] copying /home/kohki/HONROBO_WS/honrobo_main/src/build/ros_main/build/lib/ros_main/module/realsensetools.py -> /home/kohki/HONROBO_WS/honrobo_main/src/install/ros_main/lib/python3.10/site-packages/ros_main/module
[0.889s] copying /home/kohki/HONROBO_WS/honrobo_main/src/build/ros_main/build/lib/ros_main/module/Switch.py -> /home/kohki/HONROBO_WS/honrobo_main/src/install/ros_main/lib/python3.10/site-packages/ros_main/module
[0.889s] copying /home/kohki/HONROBO_WS/honrobo_main/src/build/ros_main/build/lib/ros_main/module/recognition.py -> /home/kohki/HONROBO_WS/honrobo_main/src/install/ros_main/lib/python3.10/site-packages/ros_main/module
[0.889s] copying /home/kohki/HONROBO_WS/honrobo_main/src/build/ros_main/build/lib/ros_main/ros_main.py -> /home/kohki/HONROBO_WS/honrobo_main/src/install/ros_main/lib/python3.10/site-packages/ros_main
[0.890s] byte-compiling /home/kohki/HONROBO_WS/honrobo_main/src/install/ros_main/lib/python3.10/site-packages/ros_main/__init__.py to __init__.cpython-310.pyc
[0.890s] byte-compiling /home/kohki/HONROBO_WS/honrobo_main/src/install/ros_main/lib/python3.10/site-packages/ros_main/module/__init__.py to __init__.cpython-310.pyc
[0.890s] byte-compiling /home/kohki/HONROBO_WS/honrobo_main/src/install/ros_main/lib/python3.10/site-packages/ros_main/module/JoyCalcTools.py to JoyCalcTools.cpython-310.pyc
[0.890s] byte-compiling /home/kohki/HONROBO_WS/honrobo_main/src/install/ros_main/lib/python3.10/site-packages/ros_main/module/realsensetools.py to realsensetools.cpython-310.pyc
[0.891s] byte-compiling /home/kohki/HONROBO_WS/honrobo_main/src/install/ros_main/lib/python3.10/site-packages/ros_main/module/Switch.py to Switch.cpython-310.pyc
[0.891s] byte-compiling /home/kohki/HONROBO_WS/honrobo_main/src/install/ros_main/lib/python3.10/site-packages/ros_main/module/recognition.py to recognition.cpython-310.pyc
[0.891s] byte-compiling /home/kohki/HONROBO_WS/honrobo_main/src/install/ros_main/lib/python3.10/site-packages/ros_main/ros_main.py to ros_main.cpython-310.pyc
[0.892s] running install_data
[0.892s] creating /home/kohki/HONROBO_WS/honrobo_main/src/install/ros_main/share/ament_index
[0.892s] creating /home/kohki/HONROBO_WS/honrobo_main/src/install/ros_main/share/ament_index/resource_index
[0.892s] creating /home/kohki/HONROBO_WS/honrobo_main/src/install/ros_main/share/ament_index/resource_index/packages
[0.892s] copying resource/ros_main -> /home/kohki/HONROBO_WS/honrobo_main/src/install/ros_main/share/ament_index/resource_index/packages
[0.892s] copying package.xml -> /home/kohki/HONROBO_WS/honrobo_main/src/install/ros_main/share/ros_main
[0.892s] running install_egg_info
[0.893s] Copying ../build/ros_main/ros_main.egg-info to /home/kohki/HONROBO_WS/honrobo_main/src/install/ros_main/lib/python3.10/site-packages/ros_main-0.0.0-py3.10.egg-info
[0.894s] running install_scripts
[0.907s] Installing ros_main script to /home/kohki/HONROBO_WS/honrobo_main/src/install/ros_main/lib/ros_main
[0.907s] writing list of installed files to '/home/kohki/HONROBO_WS/honrobo_main/src/build/ros_main/install.log'
[0.924s] Invoked command in '/home/kohki/HONROBO_WS/honrobo_main/src/ros_main' returned '0': PYTHONPATH=/home/kohki/HONROBO_WS/honrobo_main/src/build/ros_main/prefix_override:/home/kohki/HONROBO_WS/honrobo_main/src/install/ros_main/lib/python3.10/site-packages:${PYTHONPATH} /usr/bin/python3 setup.py egg_info --egg-base ../build/ros_main build --build-base /home/kohki/HONROBO_WS/honrobo_main/src/build/ros_main/build install --record /home/kohki/HONROBO_WS/honrobo_main/src/build/ros_main/install.log --single-version-externally-managed
