[0.670s] DEBUG:colcon:Command line arguments: ['/usr/bin/colcon', 'build', '--symlink-install']
[0.670s] DEBUG:colcon:Parsed command line arguments: Namespace(log_base=None, log_level=None, verb_name='build', build_base='build', install_base='install', merge_install=False, symlink_install=True, test_result_base=None, continue_on_error=False, executor='parallel', parallel_workers=12, event_handlers=None, ignore_user_meta=False, metas=['./colcon.meta'], base_paths=['.'], packages_ignore=None, packages_ignore_regex=None, paths=None, packages_up_to=None, packages_up_to_regex=None, packages_above=None, packages_above_and_dependencies=None, packages_above_depth=None, packages_select_by_dep=None, packages_skip_by_dep=None, packages_skip_up_to=None, packages_select_build_failed=False, packages_skip_build_finished=False, packages_select_test_failures=False, packages_skip_test_passed=False, packages_select=None, packages_skip=None, packages_select_regex=None, packages_skip_regex=None, packages_start=None, packages_end=None, allow_overriding=[], cmake_args=None, cmake_target=None, cmake_target_skip_unavailable=False, cmake_clean_cache=False, cmake_clean_first=False, cmake_force_configure=False, ament_cmake_args=None, catkin_cmake_args=None, catkin_skip_building_tests=False, verb_parser=<colcon_defaults.argument_parser.defaults.DefaultArgumentsDecorator object at 0x7fddb64a4ca0>, verb_extension=<colcon_core.verb.build.BuildVerb object at 0x7fddb6536410>, main=<bound method BuildVerb.main of <colcon_core.verb.build.BuildVerb object at 0x7fddb6536410>>)
[0.700s] Level 1:colcon.colcon_core.package_discovery:discover_packages(colcon_meta) check parameters
[0.700s] Level 1:colcon.colcon_core.package_discovery:discover_packages(recursive) check parameters
[0.700s] Level 1:colcon.colcon_core.package_discovery:discover_packages(ignore) check parameters
[0.700s] Level 1:colcon.colcon_core.package_discovery:discover_packages(path) check parameters
[0.700s] Level 1:colcon.colcon_core.package_discovery:discover_packages(colcon_meta) discover
[0.700s] Level 1:colcon.colcon_core.package_discovery:discover_packages(recursive) discover
[0.700s] INFO:colcon.colcon_core.package_discovery:Crawling recursively for packages in '/home/kohki/HONROBO_WS/auto_move/src'
[0.700s] Level 1:colcon.colcon_core.package_identification:_identify(.) by extensions ['ignore', 'ignore_ament_install']
[0.700s] Level 1:colcon.colcon_core.package_identification:_identify(.) by extension 'ignore'
[0.700s] Level 1:colcon.colcon_core.package_identification:_identify(.) by extension 'ignore_ament_install'
[0.700s] Level 1:colcon.colcon_core.package_identification:_identify(.) by extensions ['colcon_pkg']
[0.700s] Level 1:colcon.colcon_core.package_identification:_identify(.) by extension 'colcon_pkg'
[0.700s] Level 1:colcon.colcon_core.package_identification:_identify(.) by extensions ['colcon_meta']
[0.701s] Level 1:colcon.colcon_core.package_identification:_identify(.) by extension 'colcon_meta'
[0.701s] Level 1:colcon.colcon_core.package_identification:_identify(.) by extensions ['ros']
[0.701s] Level 1:colcon.colcon_core.package_identification:_identify(.) by extension 'ros'
[0.708s] Level 1:colcon.colcon_core.package_identification:_identify(.) by extensions ['cmake', 'python']
[0.708s] Level 1:colcon.colcon_core.package_identification:_identify(.) by extension 'cmake'
[0.708s] Level 1:colcon.colcon_core.package_identification:_identify(.) by extension 'python'
[0.708s] Level 1:colcon.colcon_core.package_identification:_identify(.) by extensions ['python_setup_py']
[0.708s] Level 1:colcon.colcon_core.package_identification:_identify(.) by extension 'python_setup_py'
[0.708s] Level 1:colcon.colcon_core.package_identification:_identify(__pycache__) by extensions ['ignore', 'ignore_ament_install']
[0.708s] Level 1:colcon.colcon_core.package_identification:_identify(__pycache__) by extension 'ignore'
[0.708s] Level 1:colcon.colcon_core.package_identification:_identify(__pycache__) by extension 'ignore_ament_install'
[0.708s] Level 1:colcon.colcon_core.package_identification:_identify(__pycache__) by extensions ['colcon_pkg']
[0.708s] Level 1:colcon.colcon_core.package_identification:_identify(__pycache__) by extension 'colcon_pkg'
[0.708s] Level 1:colcon.colcon_core.package_identification:_identify(__pycache__) by extensions ['colcon_meta']
[0.708s] Level 1:colcon.colcon_core.package_identification:_identify(__pycache__) by extension 'colcon_meta'
[0.708s] Level 1:colcon.colcon_core.package_identification:_identify(__pycache__) by extensions ['ros']
[0.708s] Level 1:colcon.colcon_core.package_identification:_identify(__pycache__) by extension 'ros'
[0.708s] Level 1:colcon.colcon_core.package_identification:_identify(__pycache__) by extensions ['cmake', 'python']
[0.708s] Level 1:colcon.colcon_core.package_identification:_identify(__pycache__) by extension 'cmake'
[0.708s] Level 1:colcon.colcon_core.package_identification:_identify(__pycache__) by extension 'python'
[0.708s] Level 1:colcon.colcon_core.package_identification:_identify(__pycache__) by extensions ['python_setup_py']
[0.708s] Level 1:colcon.colcon_core.package_identification:_identify(__pycache__) by extension 'python_setup_py'
[0.708s] Level 1:colcon.colcon_core.package_identification:_identify(build) by extensions ['ignore', 'ignore_ament_install']
[0.708s] Level 1:colcon.colcon_core.package_identification:_identify(build) by extension 'ignore'
[0.708s] Level 1:colcon.colcon_core.package_identification:_identify(build) ignored
[0.708s] Level 1:colcon.colcon_core.package_identification:_identify(install) by extensions ['ignore', 'ignore_ament_install']
[0.708s] Level 1:colcon.colcon_core.package_identification:_identify(install) by extension 'ignore'
[0.708s] Level 1:colcon.colcon_core.package_identification:_identify(install) ignored
[0.709s] Level 1:colcon.colcon_core.package_identification:_identify(log) by extensions ['ignore', 'ignore_ament_install']
[0.709s] Level 1:colcon.colcon_core.package_identification:_identify(log) by extension 'ignore'
[0.709s] Level 1:colcon.colcon_core.package_identification:_identify(log) ignored
[0.709s] Level 1:colcon.colcon_core.package_identification:_identify(ros_cv) by extensions ['ignore', 'ignore_ament_install']
[0.709s] Level 1:colcon.colcon_core.package_identification:_identify(ros_cv) by extension 'ignore'
[0.709s] Level 1:colcon.colcon_core.package_identification:_identify(ros_cv) by extension 'ignore_ament_install'
[0.709s] Level 1:colcon.colcon_core.package_identification:_identify(ros_cv) by extensions ['colcon_pkg']
[0.709s] Level 1:colcon.colcon_core.package_identification:_identify(ros_cv) by extension 'colcon_pkg'
[0.709s] Level 1:colcon.colcon_core.package_identification:_identify(ros_cv) by extensions ['colcon_meta']
[0.709s] Level 1:colcon.colcon_core.package_identification:_identify(ros_cv) by extension 'colcon_meta'
[0.709s] Level 1:colcon.colcon_core.package_identification:_identify(ros_cv) by extensions ['ros']
[0.709s] Level 1:colcon.colcon_core.package_identification:_identify(ros_cv) by extension 'ros'
[0.710s] DEBUG:colcon.colcon_core.package_identification:Package 'ros_cv' with type 'ros.ament_python' and name 'ros_cv'
[0.710s] Level 1:colcon.colcon_core.package_discovery:discover_packages(recursive) using defaults
[0.710s] Level 1:colcon.colcon_core.package_discovery:discover_packages(ignore) discover
[0.710s] Level 1:colcon.colcon_core.package_discovery:discover_packages(ignore) using defaults
[0.711s] Level 1:colcon.colcon_core.package_discovery:discover_packages(path) discover
[0.711s] Level 1:colcon.colcon_core.package_discovery:discover_packages(path) using defaults
[0.772s] Level 1:colcon.colcon_core.package_discovery:discover_packages(prefix_path) check parameters
[0.772s] Level 1:colcon.colcon_core.package_discovery:discover_packages(prefix_path) discover
[0.792s] DEBUG:colcon.colcon_installed_package_information.package_discovery:Found 1 installed packages in /home/kohki/HONROBO_WS/auto_move/src/install
[0.801s] DEBUG:colcon.colcon_installed_package_information.package_discovery:Found 1 installed packages in /home/kohki/HONROBO_WS/ros_joy/install
[0.811s] DEBUG:colcon.colcon_installed_package_information.package_discovery:Found 1 installed packages in /home/kohki/HONROBO_WS/realsense_pub/src/install
[0.828s] DEBUG:colcon.colcon_installed_package_information.package_discovery:Found 1 installed packages in /home/kohki/HONROBO_WS/can_messenger/install
[0.838s] DEBUG:colcon.colcon_installed_package_information.package_discovery:Found 287 installed packages in /opt/ros/humble
[0.839s] Level 1:colcon.colcon_core.package_discovery:discover_packages(prefix_path) using defaults
[0.895s] Level 5:colcon.colcon_core.verb:set package 'ros_cv' build argument 'cmake_args' from command line to 'None'
[0.895s] Level 5:colcon.colcon_core.verb:set package 'ros_cv' build argument 'cmake_target' from command line to 'None'
[0.895s] Level 5:colcon.colcon_core.verb:set package 'ros_cv' build argument 'cmake_target_skip_unavailable' from command line to 'False'
[0.895s] Level 5:colcon.colcon_core.verb:set package 'ros_cv' build argument 'cmake_clean_cache' from command line to 'False'
[0.895s] Level 5:colcon.colcon_core.verb:set package 'ros_cv' build argument 'cmake_clean_first' from command line to 'False'
[0.895s] Level 5:colcon.colcon_core.verb:set package 'ros_cv' build argument 'cmake_force_configure' from command line to 'False'
[0.895s] Level 5:colcon.colcon_core.verb:set package 'ros_cv' build argument 'ament_cmake_args' from command line to 'None'
[0.895s] Level 5:colcon.colcon_core.verb:set package 'ros_cv' build argument 'catkin_cmake_args' from command line to 'None'
[0.895s] Level 5:colcon.colcon_core.verb:set package 'ros_cv' build argument 'catkin_skip_building_tests' from command line to 'False'
[0.895s] DEBUG:colcon.colcon_core.verb:Building package 'ros_cv' with the following arguments: {'ament_cmake_args': None, 'build_base': '/home/kohki/HONROBO_WS/auto_move/src/build/ros_cv', 'catkin_cmake_args': None, 'catkin_skip_building_tests': False, 'cmake_args': None, 'cmake_clean_cache': False, 'cmake_clean_first': False, 'cmake_force_configure': False, 'cmake_target': None, 'cmake_target_skip_unavailable': False, 'install_base': '/home/kohki/HONROBO_WS/auto_move/src/install/ros_cv', 'merge_install': False, 'path': '/home/kohki/HONROBO_WS/auto_move/src/ros_cv', 'symlink_install': True, 'test_result_base': None}
[0.905s] INFO:colcon.colcon_core.executor:Executing jobs using 'parallel' executor
[0.915s] DEBUG:colcon.colcon_parallel_executor.executor.parallel:run_until_complete
[0.916s] INFO:colcon.colcon_ros.task.ament_python.build:Building ROS package in '/home/kohki/HONROBO_WS/auto_move/src/ros_cv' with build type 'ament_python'
[0.916s] Level 1:colcon.colcon_core.shell:create_environment_hook('ros_cv', 'ament_prefix_path')
[0.927s] INFO:colcon.colcon_core.plugin_system:Skipping extension 'colcon_core.shell.bat': Not used on non-Windows systems
[0.928s] INFO:colcon.colcon_core.shell:Creating environment hook '/home/kohki/HONROBO_WS/auto_move/src/install/ros_cv/share/ros_cv/hook/ament_prefix_path.ps1'
[0.928s] INFO:colcon.colcon_core.shell:Creating environment descriptor '/home/kohki/HONROBO_WS/auto_move/src/install/ros_cv/share/ros_cv/hook/ament_prefix_path.dsv'
[0.928s] INFO:colcon.colcon_core.shell:Creating environment hook '/home/kohki/HONROBO_WS/auto_move/src/install/ros_cv/share/ros_cv/hook/ament_prefix_path.sh'
[0.939s] INFO:colcon.colcon_core.shell:Skip shell extension 'powershell' for command environment: Not usable outside of PowerShell
[0.940s] DEBUG:colcon.colcon_core.shell:Skip shell extension 'dsv' for command environment
[1.181s] INFO:colcon.colcon_core.task.python.build:Building Python package in '/home/kohki/HONROBO_WS/auto_move/src/ros_cv'
[1.191s] INFO:colcon.colcon_core.shell:Skip shell extension 'powershell' for command environment: Not usable outside of PowerShell
[1.191s] DEBUG:colcon.colcon_core.shell:Skip shell extension 'dsv' for command environment
[1.535s] DEBUG:colcon.colcon_core.event_handler.log_command:Invoking command in '/home/kohki/HONROBO_WS/auto_move/src/build/ros_cv': PYTHONPATH=/home/kohki/HONROBO_WS/auto_move/src/build/ros_cv/prefix_override:/home/kohki/HONROBO_WS/auto_move/src/install/ros_cv/lib/python3.10/site-packages:${PYTHONPATH} /usr/bin/python3 setup.py develop --editable --build-directory /home/kohki/HONROBO_WS/auto_move/src/build/ros_cv/build --no-deps install_data
[1.908s] Level 1:colcon.colcon_core.shell:create_environment_hook('ros_cv', 'pythonpath_develop')
[1.908s] DEBUG:colcon.colcon_core.event_handler.log_command:Invoked command in '/home/kohki/HONROBO_WS/auto_move/src/build/ros_cv' returned '0': PYTHONPATH=/home/kohki/HONROBO_WS/auto_move/src/build/ros_cv/prefix_override:/home/kohki/HONROBO_WS/auto_move/src/install/ros_cv/lib/python3.10/site-packages:${PYTHONPATH} /usr/bin/python3 setup.py develop --editable --build-directory /home/kohki/HONROBO_WS/auto_move/src/build/ros_cv/build --no-deps install_data
[1.922s] INFO:colcon.colcon_core.shell:Creating environment hook '/home/kohki/HONROBO_WS/auto_move/src/build/ros_cv/share/ros_cv/hook/pythonpath_develop.ps1'
[1.922s] INFO:colcon.colcon_core.shell:Creating environment descriptor '/home/kohki/HONROBO_WS/auto_move/src/build/ros_cv/share/ros_cv/hook/pythonpath_develop.dsv'
[1.923s] INFO:colcon.colcon_core.shell:Creating environment hook '/home/kohki/HONROBO_WS/auto_move/src/build/ros_cv/share/ros_cv/hook/pythonpath_develop.sh'
[1.938s] Level 1:colcon.colcon_core.environment:checking '/home/kohki/HONROBO_WS/auto_move/src/install/ros_cv' for CMake module files
[1.939s] Level 1:colcon.colcon_core.environment:checking '/home/kohki/HONROBO_WS/auto_move/src/install/ros_cv' for CMake config files
[1.940s] Level 1:colcon.colcon_core.environment:checking '/home/kohki/HONROBO_WS/auto_move/src/install/ros_cv/lib'
[1.940s] Level 1:colcon.colcon_core.environment:checking '/home/kohki/HONROBO_WS/auto_move/src/install/ros_cv/bin'
[1.940s] Level 1:colcon.colcon_core.environment:checking '/home/kohki/HONROBO_WS/auto_move/src/install/ros_cv/lib/pkgconfig/ros_cv.pc'
[1.940s] Level 1:colcon.colcon_core.environment:checking '/home/kohki/HONROBO_WS/auto_move/src/install/ros_cv/lib/python3.10/site-packages'
[1.940s] Level 1:colcon.colcon_core.shell:create_environment_hook('ros_cv', 'pythonpath')
[1.954s] INFO:colcon.colcon_core.shell:Creating environment hook '/home/kohki/HONROBO_WS/auto_move/src/install/ros_cv/share/ros_cv/hook/pythonpath.ps1'
[1.954s] INFO:colcon.colcon_core.shell:Creating environment descriptor '/home/kohki/HONROBO_WS/auto_move/src/install/ros_cv/share/ros_cv/hook/pythonpath.dsv'
[1.954s] INFO:colcon.colcon_core.shell:Creating environment hook '/home/kohki/HONROBO_WS/auto_move/src/install/ros_cv/share/ros_cv/hook/pythonpath.sh'
[1.955s] Level 1:colcon.colcon_core.environment:checking '/home/kohki/HONROBO_WS/auto_move/src/install/ros_cv/bin'
[1.955s] Level 1:colcon.colcon_core.environment:create_environment_scripts_only(ros_cv)
[1.968s] INFO:colcon.colcon_core.shell:Creating package script '/home/kohki/HONROBO_WS/auto_move/src/install/ros_cv/share/ros_cv/package.ps1'
[1.969s] INFO:colcon.colcon_core.shell:Creating package descriptor '/home/kohki/HONROBO_WS/auto_move/src/install/ros_cv/share/ros_cv/package.dsv'
[1.970s] INFO:colcon.colcon_core.shell:Creating package script '/home/kohki/HONROBO_WS/auto_move/src/install/ros_cv/share/ros_cv/package.sh'
[1.971s] INFO:colcon.colcon_core.shell:Creating package script '/home/kohki/HONROBO_WS/auto_move/src/install/ros_cv/share/ros_cv/package.bash'
[1.971s] INFO:colcon.colcon_core.shell:Creating package script '/home/kohki/HONROBO_WS/auto_move/src/install/ros_cv/share/ros_cv/package.zsh'
[1.972s] Level 1:colcon.colcon_core.environment:create_file_with_runtime_dependencies(/home/kohki/HONROBO_WS/auto_move/src/install/ros_cv/share/colcon-core/packages/ros_cv)
[1.972s] DEBUG:colcon.colcon_parallel_executor.executor.parallel:closing loop
[1.973s] DEBUG:colcon.colcon_parallel_executor.executor.parallel:loop closed
[1.973s] DEBUG:colcon.colcon_parallel_executor.executor.parallel:run_until_complete finished with '0'
[1.973s] DEBUG:colcon.colcon_core.event_reactor:joining thread
[1.988s] INFO:colcon.colcon_core.plugin_system:Skipping extension 'colcon_notification.desktop_notification.terminal_notifier': Not used on non-Darwin systems
[1.988s] INFO:colcon.colcon_core.plugin_system:Skipping extension 'colcon_notification.desktop_notification.win32': Not used on non-Windows systems
[1.988s] INFO:colcon.colcon_notification.desktop_notification:Sending desktop notification using 'notify2'
[1.998s] DEBUG:colcon.colcon_core.event_reactor:joined thread
[2.009s] INFO:colcon.colcon_core.shell:Creating prefix script '/home/kohki/HONROBO_WS/auto_move/src/install/local_setup.ps1'
[2.010s] INFO:colcon.colcon_core.shell:Creating prefix util module '/home/kohki/HONROBO_WS/auto_move/src/install/_local_setup_util_ps1.py'
[2.011s] INFO:colcon.colcon_core.shell:Creating prefix chain script '/home/kohki/HONROBO_WS/auto_move/src/install/setup.ps1'
[2.022s] INFO:colcon.colcon_core.shell:Creating prefix script '/home/kohki/HONROBO_WS/auto_move/src/install/local_setup.sh'
[2.022s] INFO:colcon.colcon_core.shell:Creating prefix util module '/home/kohki/HONROBO_WS/auto_move/src/install/_local_setup_util_sh.py'
[2.023s] INFO:colcon.colcon_core.shell:Creating prefix chain script '/home/kohki/HONROBO_WS/auto_move/src/install/setup.sh'
[2.034s] INFO:colcon.colcon_core.shell:Creating prefix script '/home/kohki/HONROBO_WS/auto_move/src/install/local_setup.bash'
[2.034s] INFO:colcon.colcon_core.shell:Creating prefix chain script '/home/kohki/HONROBO_WS/auto_move/src/install/setup.bash'
[2.045s] INFO:colcon.colcon_core.shell:Creating prefix script '/home/kohki/HONROBO_WS/auto_move/src/install/local_setup.zsh'
[2.046s] INFO:colcon.colcon_core.shell:Creating prefix chain script '/home/kohki/HONROBO_WS/auto_move/src/install/setup.zsh'
