running egg_info
writing ../../build/can_messenger/can_messenger.egg-info/PKG-INFO
writing dependency_links to ../../build/can_messenger/can_messenger.egg-info/dependency_links.txt
writing entry points to ../../build/can_messenger/can_messenger.egg-info/entry_points.txt
writing requirements to ../../build/can_messenger/can_messenger.egg-info/requires.txt
writing top-level names to ../../build/can_messenger/can_messenger.egg-info/top_level.txt
reading manifest file '../../build/can_messenger/can_messenger.egg-info/SOURCES.txt'
writing manifest file '../../build/can_messenger/can_messenger.egg-info/SOURCES.txt'
running build
running build_py
copying can_messenger/module/__init__.py -> /home/kohki/HONROBO_WS/can_messenger/build/can_messenger/build/lib/can_messenger/module
running install
running install_lib
copying /home/kohki/HONROBO_WS/can_messenger/build/can_messenger/build/lib/can_messenger/module/__init__.py -> /home/kohki/HONROBO_WS/can_messenger/install/can_messenger/lib/python3.10/site-packages/can_messenger/module
byte-compiling /home/kohki/HONROBO_WS/can_messenger/install/can_messenger/lib/python3.10/site-packages/can_messenger/module/__init__.py to __init__.cpython-310.pyc
running install_data
running install_egg_info
removing '/home/kohki/HONROBO_WS/can_messenger/install/can_messenger/lib/python3.10/site-packages/can_messenger-0.0.0-py3.10.egg-info' (and everything under it)
Copying ../../build/can_messenger/can_messenger.egg-info to /home/kohki/HONROBO_WS/can_messenger/install/can_messenger/lib/python3.10/site-packages/can_messenger-0.0.0-py3.10.egg-info
running install_scripts
Installing can_messenger script to /home/kohki/HONROBO_WS/can_messenger/install/can_messenger/lib/can_messenger
writing list of installed files to '/home/kohki/HONROBO_WS/can_messenger/build/can_messenger/install.log'
