[0.673s] Invoking command in '/home/kohki/HONROBO_WS/can_messenger/src/can_messenger': PYTHONPATH=/home/kohki/HONROBO_WS/can_messenger/build/can_messenger/prefix_override:/home/kohki/HONROBO_WS/can_messenger/install/can_messenger/lib/python3.10/site-packages:${PYTHONPATH} /usr/bin/python3 setup.py egg_info --egg-base ../../build/can_messenger build --build-base /home/kohki/HONROBO_WS/can_messenger/build/can_messenger/build install --record /home/kohki/HONROBO_WS/can_messenger/build/can_messenger/install.log --single-version-externally-managed
[0.868s] running egg_info
[0.868s] writing ../../build/can_messenger/can_messenger.egg-info/PKG-INFO
[0.868s] writing dependency_links to ../../build/can_messenger/can_messenger.egg-info/dependency_links.txt
[0.868s] writing entry points to ../../build/can_messenger/can_messenger.egg-info/entry_points.txt
[0.869s] writing requirements to ../../build/can_messenger/can_messenger.egg-info/requires.txt
[0.869s] writing top-level names to ../../build/can_messenger/can_messenger.egg-info/top_level.txt
[0.870s] reading manifest file '../../build/can_messenger/can_messenger.egg-info/SOURCES.txt'
[0.870s] writing manifest file '../../build/can_messenger/can_messenger.egg-info/SOURCES.txt'
[0.871s] running build
[0.871s] running build_py
[0.871s] copying can_messenger/module/__init__.py -> /home/kohki/HONROBO_WS/can_messenger/build/can_messenger/build/lib/can_messenger/module
[0.871s] running install
[0.872s] running install_lib
[0.873s] copying /home/kohki/HONROBO_WS/can_messenger/build/can_messenger/build/lib/can_messenger/module/__init__.py -> /home/kohki/HONROBO_WS/can_messenger/install/can_messenger/lib/python3.10/site-packages/can_messenger/module
[0.873s] byte-compiling /home/kohki/HONROBO_WS/can_messenger/install/can_messenger/lib/python3.10/site-packages/can_messenger/module/__init__.py to __init__.cpython-310.pyc
[0.874s] running install_data
[0.874s] running install_egg_info
[0.876s] removing '/home/kohki/HONROBO_WS/can_messenger/install/can_messenger/lib/python3.10/site-packages/can_messenger-0.0.0-py3.10.egg-info' (and everything under it)
[0.876s] Copying ../../build/can_messenger/can_messenger.egg-info to /home/kohki/HONROBO_WS/can_messenger/install/can_messenger/lib/python3.10/site-packages/can_messenger-0.0.0-py3.10.egg-info
[0.877s] running install_scripts
[0.892s] Installing can_messenger script to /home/kohki/HONROBO_WS/can_messenger/install/can_messenger/lib/can_messenger
[0.893s] writing list of installed files to '/home/kohki/HONROBO_WS/can_messenger/build/can_messenger/install.log'
[0.917s] Invoked command in '/home/kohki/HONROBO_WS/can_messenger/src/can_messenger' returned '0': PYTHONPATH=/home/kohki/HONROBO_WS/can_messenger/build/can_messenger/prefix_override:/home/kohki/HONROBO_WS/can_messenger/install/can_messenger/lib/python3.10/site-packages:${PYTHONPATH} /usr/bin/python3 setup.py egg_info --egg-base ../../build/can_messenger build --build-base /home/kohki/HONROBO_WS/can_messenger/build/can_messenger/build install --record /home/kohki/HONROBO_WS/can_messenger/build/can_messenger/install.log --single-version-externally-managed
