[0.645s] DEBUG:colcon:Command line arguments: ['/usr/bin/colcon', 'build']
[0.645s] DEBUG:colcon:Parsed command line arguments: Namespace(log_base=None, log_level=None, verb_name='build', build_base='build', install_base='install', merge_install=False, symlink_install=False, test_result_base=None, continue_on_error=False, executor='parallel', parallel_workers=12, event_handlers=None, ignore_user_meta=False, metas=['./colcon.meta'], base_paths=['.'], packages_ignore=None, packages_ignore_regex=None, paths=None, packages_up_to=None, packages_up_to_regex=None, packages_above=None, packages_above_and_dependencies=None, packages_above_depth=None, packages_select_by_dep=None, packages_skip_by_dep=None, packages_skip_up_to=None, packages_select_build_failed=False, packages_skip_build_finished=False, packages_select_test_failures=False, packages_skip_test_passed=False, packages_select=None, packages_skip=None, packages_select_regex=None, packages_skip_regex=None, packages_start=None, packages_end=None, allow_overriding=[], cmake_args=None, cmake_target=None, cmake_target_skip_unavailable=False, cmake_clean_cache=False, cmake_clean_first=False, cmake_force_configure=False, ament_cmake_args=None, catkin_cmake_args=None, catkin_skip_building_tests=False, verb_parser=<colcon_defaults.argument_parser.defaults.DefaultArgumentsDecorator object at 0x7fcb2e4c1030>, verb_extension=<colcon_core.verb.build.BuildVerb object at 0x7fcb2e599090>, main=<bound method BuildVerb.main of <colcon_core.verb.build.BuildVerb object at 0x7fcb2e599090>>)
[0.677s] Level 1:colcon.colcon_core.package_discovery:discover_packages(colcon_meta) check parameters
[0.677s] Level 1:colcon.colcon_core.package_discovery:discover_packages(recursive) check parameters
[0.677s] Level 1:colcon.colcon_core.package_discovery:discover_packages(ignore) check parameters
[0.677s] Level 1:colcon.colcon_core.package_discovery:discover_packages(path) check parameters
[0.677s] Level 1:colcon.colcon_core.package_discovery:discover_packages(colcon_meta) discover
[0.678s] Level 1:colcon.colcon_core.package_discovery:discover_packages(recursive) discover
[0.678s] INFO:colcon.colcon_core.package_discovery:Crawling recursively for packages in '/home/kohki/HONROBO_WS/ros_joy'
[0.678s] Level 1:colcon.colcon_core.package_identification:_identify(.) by extensions ['ignore', 'ignore_ament_install']
[0.678s] Level 1:colcon.colcon_core.package_identification:_identify(.) by extension 'ignore'
[0.678s] Level 1:colcon.colcon_core.package_identification:_identify(.) by extension 'ignore_ament_install'
[0.678s] Level 1:colcon.colcon_core.package_identification:_identify(.) by extensions ['colcon_pkg']
[0.678s] Level 1:colcon.colcon_core.package_identification:_identify(.) by extension 'colcon_pkg'
[0.678s] Level 1:colcon.colcon_core.package_identification:_identify(.) by extensions ['colcon_meta']
[0.678s] Level 1:colcon.colcon_core.package_identification:_identify(.) by extension 'colcon_meta'
[0.678s] Level 1:colcon.colcon_core.package_identification:_identify(.) by extensions ['ros']
[0.678s] Level 1:colcon.colcon_core.package_identification:_identify(.) by extension 'ros'
[0.686s] DEBUG:colcon.colcon_core.package_identification:Package '.' with type 'ros.ament_python' and name 'ros_joy'
[0.686s] Level 1:colcon.colcon_core.package_discovery:discover_packages(recursive) using defaults
[0.686s] Level 1:colcon.colcon_core.package_discovery:discover_packages(ignore) discover
[0.686s] Level 1:colcon.colcon_core.package_discovery:discover_packages(ignore) using defaults
[0.686s] Level 1:colcon.colcon_core.package_discovery:discover_packages(path) discover
[0.686s] Level 1:colcon.colcon_core.package_discovery:discover_packages(path) using defaults
[0.745s] Level 1:colcon.colcon_core.package_discovery:discover_packages(prefix_path) check parameters
[0.746s] Level 1:colcon.colcon_core.package_discovery:discover_packages(prefix_path) discover
[0.757s] WARNING:colcon.colcon_ros.prefix_path.ament:The path '/home/kohki/HONROBO_WS/ros_joy/install/ros_joy' in the environment variable AMENT_PREFIX_PATH doesn't exist
[0.771s] DEBUG:colcon.colcon_installed_package_information.package_discovery:Found 1 installed packages in /home/kohki/HONROBO_WS/auto_move/src/install
[0.782s] DEBUG:colcon.colcon_installed_package_information.package_discovery:Found 0 installed packages in /home/kohki/HONROBO_WS/ros_joy/install
[0.792s] DEBUG:colcon.colcon_installed_package_information.package_discovery:Found 1 installed packages in /home/kohki/HONROBO_WS/realsense_pub/src/install
[0.812s] DEBUG:colcon.colcon_installed_package_information.package_discovery:Found 1 installed packages in /home/kohki/HONROBO_WS/can_messenger/install
[0.823s] DEBUG:colcon.colcon_installed_package_information.package_discovery:Found 287 installed packages in /opt/ros/humble
[0.824s] Level 1:colcon.colcon_core.package_discovery:discover_packages(prefix_path) using defaults
[0.885s] Level 5:colcon.colcon_core.verb:set package 'ros_joy' build argument 'cmake_args' from command line to 'None'
[0.885s] Level 5:colcon.colcon_core.verb:set package 'ros_joy' build argument 'cmake_target' from command line to 'None'
[0.885s] Level 5:colcon.colcon_core.verb:set package 'ros_joy' build argument 'cmake_target_skip_unavailable' from command line to 'False'
[0.885s] Level 5:colcon.colcon_core.verb:set package 'ros_joy' build argument 'cmake_clean_cache' from command line to 'False'
[0.885s] Level 5:colcon.colcon_core.verb:set package 'ros_joy' build argument 'cmake_clean_first' from command line to 'False'
[0.885s] Level 5:colcon.colcon_core.verb:set package 'ros_joy' build argument 'cmake_force_configure' from command line to 'False'
[0.885s] Level 5:colcon.colcon_core.verb:set package 'ros_joy' build argument 'ament_cmake_args' from command line to 'None'
[0.885s] Level 5:colcon.colcon_core.verb:set package 'ros_joy' build argument 'catkin_cmake_args' from command line to 'None'
[0.885s] Level 5:colcon.colcon_core.verb:set package 'ros_joy' build argument 'catkin_skip_building_tests' from command line to 'False'
[0.885s] DEBUG:colcon.colcon_core.verb:Building package 'ros_joy' with the following arguments: {'ament_cmake_args': None, 'build_base': '/home/kohki/HONROBO_WS/ros_joy/build/ros_joy', 'catkin_cmake_args': None, 'catkin_skip_building_tests': False, 'cmake_args': None, 'cmake_clean_cache': False, 'cmake_clean_first': False, 'cmake_force_configure': False, 'cmake_target': None, 'cmake_target_skip_unavailable': False, 'install_base': '/home/kohki/HONROBO_WS/ros_joy/install/ros_joy', 'merge_install': False, 'path': '/home/kohki/HONROBO_WS/ros_joy', 'symlink_install': False, 'test_result_base': None}
[0.895s] INFO:colcon.colcon_core.executor:Executing jobs using 'parallel' executor
[0.906s] DEBUG:colcon.colcon_parallel_executor.executor.parallel:run_until_complete
[0.906s] INFO:colcon.colcon_ros.task.ament_python.build:Building ROS package in '/home/kohki/HONROBO_WS/ros_joy' with build type 'ament_python'
[0.907s] Level 1:colcon.colcon_core.shell:create_environment_hook('ros_joy', 'ament_prefix_path')
[0.918s] INFO:colcon.colcon_core.plugin_system:Skipping extension 'colcon_core.shell.bat': Not used on non-Windows systems
[0.918s] INFO:colcon.colcon_core.shell:Creating environment hook '/home/kohki/HONROBO_WS/ros_joy/install/ros_joy/share/ros_joy/hook/ament_prefix_path.ps1'
[0.919s] INFO:colcon.colcon_core.shell:Creating environment descriptor '/home/kohki/HONROBO_WS/ros_joy/install/ros_joy/share/ros_joy/hook/ament_prefix_path.dsv'
[0.919s] INFO:colcon.colcon_core.shell:Creating environment hook '/home/kohki/HONROBO_WS/ros_joy/install/ros_joy/share/ros_joy/hook/ament_prefix_path.sh'
[0.930s] INFO:colcon.colcon_core.shell:Skip shell extension 'powershell' for command environment: Not usable outside of PowerShell
[0.930s] DEBUG:colcon.colcon_core.shell:Skip shell extension 'dsv' for command environment
[1.202s] INFO:colcon.colcon_core.task.python.build:Building Python package in '/home/kohki/HONROBO_WS/ros_joy'
[1.213s] INFO:colcon.colcon_core.shell:Skip shell extension 'powershell' for command environment: Not usable outside of PowerShell
[1.213s] DEBUG:colcon.colcon_core.shell:Skip shell extension 'dsv' for command environment
[1.560s] DEBUG:colcon.colcon_core.event_handler.log_command:Invoking command in '/home/kohki/HONROBO_WS/ros_joy': PYTHONPATH=/home/kohki/HONROBO_WS/ros_joy/build/ros_joy/prefix_override:/home/kohki/HONROBO_WS/ros_joy/install/ros_joy/lib/python3.10/site-packages:${PYTHONPATH} /usr/bin/python3 setup.py egg_info --egg-base build/ros_joy build --build-base /home/kohki/HONROBO_WS/ros_joy/build/ros_joy/build install --record /home/kohki/HONROBO_WS/ros_joy/build/ros_joy/install.log --single-version-externally-managed
[1.776s] DEBUG:colcon.colcon_core.event_handler.log_command:Invoked command in '/home/kohki/HONROBO_WS/ros_joy' returned '0': PYTHONPATH=/home/kohki/HONROBO_WS/ros_joy/build/ros_joy/prefix_override:/home/kohki/HONROBO_WS/ros_joy/install/ros_joy/lib/python3.10/site-packages:${PYTHONPATH} /usr/bin/python3 setup.py egg_info --egg-base build/ros_joy build --build-base /home/kohki/HONROBO_WS/ros_joy/build/ros_joy/build install --record /home/kohki/HONROBO_WS/ros_joy/build/ros_joy/install.log --single-version-externally-managed
[1.788s] Level 1:colcon.colcon_core.environment:checking '/home/kohki/HONROBO_WS/ros_joy/install/ros_joy' for CMake module files
[1.788s] Level 1:colcon.colcon_core.environment:checking '/home/kohki/HONROBO_WS/ros_joy/install/ros_joy' for CMake config files
[1.788s] Level 1:colcon.colcon_core.environment:checking '/home/kohki/HONROBO_WS/ros_joy/install/ros_joy/lib'
[1.788s] Level 1:colcon.colcon_core.environment:checking '/home/kohki/HONROBO_WS/ros_joy/install/ros_joy/bin'
[1.788s] Level 1:colcon.colcon_core.environment:checking '/home/kohki/HONROBO_WS/ros_joy/install/ros_joy/lib/pkgconfig/ros_joy.pc'
[1.789s] Level 1:colcon.colcon_core.environment:checking '/home/kohki/HONROBO_WS/ros_joy/install/ros_joy/lib/python3.10/site-packages'
[1.789s] Level 1:colcon.colcon_core.shell:create_environment_hook('ros_joy', 'pythonpath')
[1.799s] INFO:colcon.colcon_core.shell:Creating environment hook '/home/kohki/HONROBO_WS/ros_joy/install/ros_joy/share/ros_joy/hook/pythonpath.ps1'
[1.799s] INFO:colcon.colcon_core.shell:Creating environment descriptor '/home/kohki/HONROBO_WS/ros_joy/install/ros_joy/share/ros_joy/hook/pythonpath.dsv'
[1.799s] INFO:colcon.colcon_core.shell:Creating environment hook '/home/kohki/HONROBO_WS/ros_joy/install/ros_joy/share/ros_joy/hook/pythonpath.sh'
[1.799s] Level 1:colcon.colcon_core.environment:checking '/home/kohki/HONROBO_WS/ros_joy/install/ros_joy/bin'
[1.799s] Level 1:colcon.colcon_core.environment:create_environment_scripts_only(ros_joy)
[1.810s] INFO:colcon.colcon_core.shell:Creating package script '/home/kohki/HONROBO_WS/ros_joy/install/ros_joy/share/ros_joy/package.ps1'
[1.810s] INFO:colcon.colcon_core.shell:Creating package descriptor '/home/kohki/HONROBO_WS/ros_joy/install/ros_joy/share/ros_joy/package.dsv'
[1.811s] INFO:colcon.colcon_core.shell:Creating package script '/home/kohki/HONROBO_WS/ros_joy/install/ros_joy/share/ros_joy/package.sh'
[1.811s] INFO:colcon.colcon_core.shell:Creating package script '/home/kohki/HONROBO_WS/ros_joy/install/ros_joy/share/ros_joy/package.bash'
[1.811s] INFO:colcon.colcon_core.shell:Creating package script '/home/kohki/HONROBO_WS/ros_joy/install/ros_joy/share/ros_joy/package.zsh'
[1.812s] Level 1:colcon.colcon_core.environment:create_file_with_runtime_dependencies(/home/kohki/HONROBO_WS/ros_joy/install/ros_joy/share/colcon-core/packages/ros_joy)
[1.812s] DEBUG:colcon.colcon_parallel_executor.executor.parallel:closing loop
[1.812s] DEBUG:colcon.colcon_parallel_executor.executor.parallel:loop closed
[1.812s] DEBUG:colcon.colcon_parallel_executor.executor.parallel:run_until_complete finished with '0'
[1.812s] DEBUG:colcon.colcon_core.event_reactor:joining thread
[1.826s] INFO:colcon.colcon_core.plugin_system:Skipping extension 'colcon_notification.desktop_notification.terminal_notifier': Not used on non-Darwin systems
[1.826s] INFO:colcon.colcon_core.plugin_system:Skipping extension 'colcon_notification.desktop_notification.win32': Not used on non-Windows systems
[1.826s] INFO:colcon.colcon_notification.desktop_notification:Sending desktop notification using 'notify2'
[1.835s] DEBUG:colcon.colcon_core.event_reactor:joined thread
[1.846s] INFO:colcon.colcon_core.shell:Creating prefix script '/home/kohki/HONROBO_WS/ros_joy/install/local_setup.ps1'
[1.846s] INFO:colcon.colcon_core.shell:Creating prefix util module '/home/kohki/HONROBO_WS/ros_joy/install/_local_setup_util_ps1.py'
[1.847s] INFO:colcon.colcon_core.shell:Creating prefix chain script '/home/kohki/HONROBO_WS/ros_joy/install/setup.ps1'
[1.860s] INFO:colcon.colcon_core.shell:Creating prefix script '/home/kohki/HONROBO_WS/ros_joy/install/local_setup.sh'
[1.860s] INFO:colcon.colcon_core.shell:Creating prefix util module '/home/kohki/HONROBO_WS/ros_joy/install/_local_setup_util_sh.py'
[1.861s] INFO:colcon.colcon_core.shell:Creating prefix chain script '/home/kohki/HONROBO_WS/ros_joy/install/setup.sh'
[1.872s] INFO:colcon.colcon_core.shell:Creating prefix script '/home/kohki/HONROBO_WS/ros_joy/install/local_setup.bash'
[1.873s] INFO:colcon.colcon_core.shell:Creating prefix chain script '/home/kohki/HONROBO_WS/ros_joy/install/setup.bash'
[1.885s] INFO:colcon.colcon_core.shell:Creating prefix script '/home/kohki/HONROBO_WS/ros_joy/install/local_setup.zsh'
[1.886s] INFO:colcon.colcon_core.shell:Creating prefix chain script '/home/kohki/HONROBO_WS/ros_joy/install/setup.zsh'
