[0.463s] Invoking command in '/home/kohki/HONROBO_WS/auto_move/src/ros_cv': PYTHONPATH=/home/kohki/HONROBO_WS/auto_move/src/build/ros_cv/prefix_override:/home/kohki/HONROBO_WS/auto_move/src/install/ros_cv/lib/python3.10/site-packages:${PYTHONPATH} /usr/bin/python3 setup.py egg_info --egg-base ../build/ros_cv build --build-base /home/kohki/HONROBO_WS/auto_move/src/build/ros_cv/build install --record /home/kohki/HONROBO_WS/auto_move/src/build/ros_cv/install.log --single-version-externally-managed
[0.649s] running egg_info
[0.650s] writing ../build/ros_cv/ros_cv.egg-info/PKG-INFO
[0.650s] writing dependency_links to ../build/ros_cv/ros_cv.egg-info/dependency_links.txt
[0.650s] writing entry points to ../build/ros_cv/ros_cv.egg-info/entry_points.txt
[0.650s] writing requirements to ../build/ros_cv/ros_cv.egg-info/requires.txt
[0.651s] writing top-level names to ../build/ros_cv/ros_cv.egg-info/top_level.txt
[0.652s] reading manifest file '../build/ros_cv/ros_cv.egg-info/SOURCES.txt'
[0.653s] writing manifest file '../build/ros_cv/ros_cv.egg-info/SOURCES.txt'
[0.653s] running build
[0.653s] running build_py
[0.653s] copying ros_cv/__init__.py -> /home/kohki/HONROBO_WS/auto_move/src/build/ros_cv/build/lib/ros_cv
[0.654s] running install
[0.654s] running install_lib
[0.655s] copying /home/kohki/HONROBO_WS/auto_move/src/build/ros_cv/build/lib/ros_cv/__init__.py -> /home/kohki/HONROBO_WS/auto_move/src/install/ros_cv/lib/python3.10/site-packages/ros_cv
[0.656s] byte-compiling /home/kohki/HONROBO_WS/auto_move/src/install/ros_cv/lib/python3.10/site-packages/ros_cv/__init__.py to __init__.cpython-310.pyc
[0.656s] running install_data
[0.656s] running install_egg_info
[0.658s] removing '/home/kohki/HONROBO_WS/auto_move/src/install/ros_cv/lib/python3.10/site-packages/ros_cv-0.0.0-py3.10.egg-info' (and everything under it)
[0.658s] Copying ../build/ros_cv/ros_cv.egg-info to /home/kohki/HONROBO_WS/auto_move/src/install/ros_cv/lib/python3.10/site-packages/ros_cv-0.0.0-py3.10.egg-info
[0.659s] running install_scripts
[0.673s] Installing ros_cv script to /home/kohki/HONROBO_WS/auto_move/src/install/ros_cv/lib/ros_cv
[0.673s] writing list of installed files to '/home/kohki/HONROBO_WS/auto_move/src/build/ros_cv/install.log'
[0.694s] Invoked command in '/home/kohki/HONROBO_WS/auto_move/src/ros_cv' returned '0': PYTHONPATH=/home/kohki/HONROBO_WS/auto_move/src/build/ros_cv/prefix_override:/home/kohki/HONROBO_WS/auto_move/src/install/ros_cv/lib/python3.10/site-packages:${PYTHONPATH} /usr/bin/python3 setup.py egg_info --egg-base ../build/ros_cv build --build-base /home/kohki/HONROBO_WS/auto_move/src/build/ros_cv/build install --record /home/kohki/HONROBO_WS/auto_move/src/build/ros_cv/install.log --single-version-externally-managed
