[0.594s] Invoking command in '/home/kohki/HONROBO_WS/can_messenger/src/can_messenger': PYTHONPATH=/home/kohki/HONROBO_WS/can_messenger/src/build/can_messenger/prefix_override:/home/kohki/HONROBO_WS/can_messenger/src/install/can_messenger/lib/python3.10/site-packages:${PYTHONPATH} /usr/bin/python3 setup.py egg_info --egg-base ../build/can_messenger build --build-base /home/kohki/HONROBO_WS/can_messenger/src/build/can_messenger/build install --record /home/kohki/HONROBO_WS/can_messenger/src/build/can_messenger/install.log --single-version-externally-managed
[0.758s] running egg_info
[0.758s] creating ../build/can_messenger/can_messenger.egg-info
[0.758s] writing ../build/can_messenger/can_messenger.egg-info/PKG-INFO
[0.758s] writing dependency_links to ../build/can_messenger/can_messenger.egg-info/dependency_links.txt
[0.758s] writing entry points to ../build/can_messenger/can_messenger.egg-info/entry_points.txt
[0.758s] writing requirements to ../build/can_messenger/can_messenger.egg-info/requires.txt
[0.758s] writing top-level names to ../build/can_messenger/can_messenger.egg-info/top_level.txt
[0.758s] writing manifest file '../build/can_messenger/can_messenger.egg-info/SOURCES.txt'
[0.760s] reading manifest file '../build/can_messenger/can_messenger.egg-info/SOURCES.txt'
[0.760s] writing manifest file '../build/can_messenger/can_messenger.egg-info/SOURCES.txt'
[0.760s] running build
[0.760s] running build_py
[0.760s] creating /home/kohki/HONROBO_WS/can_messenger/src/build/can_messenger/build
[0.760s] creating /home/kohki/HONROBO_WS/can_messenger/src/build/can_messenger/build/lib
[0.760s] creating /home/kohki/HONROBO_WS/can_messenger/src/build/can_messenger/build/lib/can_messenger
[0.760s] copying can_messenger/__init__.py -> /home/kohki/HONROBO_WS/can_messenger/src/build/can_messenger/build/lib/can_messenger
[0.760s] copying can_messenger/can_messenger.py -> /home/kohki/HONROBO_WS/can_messenger/src/build/can_messenger/build/lib/can_messenger
[0.761s] creating /home/kohki/HONROBO_WS/can_messenger/src/build/can_messenger/build/lib/can_messenger/module
[0.761s] copying can_messenger/module/__init__.py -> /home/kohki/HONROBO_WS/can_messenger/src/build/can_messenger/build/lib/can_messenger/module
[0.761s] copying can_messenger/module/UseMessage.py -> /home/kohki/HONROBO_WS/can_messenger/src/build/can_messenger/build/lib/can_messenger/module
[0.761s] copying can_messenger/module/UsbCan.py -> /home/kohki/HONROBO_WS/can_messenger/src/build/can_messenger/build/lib/can_messenger/module
[0.761s] running install
[0.761s] running install_lib
[0.761s] creating /home/kohki/HONROBO_WS/can_messenger/src/install/can_messenger/lib/python3.10/site-packages/can_messenger
[0.761s] copying /home/kohki/HONROBO_WS/can_messenger/src/build/can_messenger/build/lib/can_messenger/__init__.py -> /home/kohki/HONROBO_WS/can_messenger/src/install/can_messenger/lib/python3.10/site-packages/can_messenger
[0.761s] creating /home/kohki/HONROBO_WS/can_messenger/src/install/can_messenger/lib/python3.10/site-packages/can_messenger/module
[0.762s] copying /home/kohki/HONROBO_WS/can_messenger/src/build/can_messenger/build/lib/can_messenger/module/__init__.py -> /home/kohki/HONROBO_WS/can_messenger/src/install/can_messenger/lib/python3.10/site-packages/can_messenger/module
[0.762s] copying /home/kohki/HONROBO_WS/can_messenger/src/build/can_messenger/build/lib/can_messenger/module/UseMessage.py -> /home/kohki/HONROBO_WS/can_messenger/src/install/can_messenger/lib/python3.10/site-packages/can_messenger/module
[0.762s] copying /home/kohki/HONROBO_WS/can_messenger/src/build/can_messenger/build/lib/can_messenger/module/UsbCan.py -> /home/kohki/HONROBO_WS/can_messenger/src/install/can_messenger/lib/python3.10/site-packages/can_messenger/module
[0.762s] copying /home/kohki/HONROBO_WS/can_messenger/src/build/can_messenger/build/lib/can_messenger/can_messenger.py -> /home/kohki/HONROBO_WS/can_messenger/src/install/can_messenger/lib/python3.10/site-packages/can_messenger
[0.762s] byte-compiling /home/kohki/HONROBO_WS/can_messenger/src/install/can_messenger/lib/python3.10/site-packages/can_messenger/__init__.py to __init__.cpython-310.pyc
[0.762s] byte-compiling /home/kohki/HONROBO_WS/can_messenger/src/install/can_messenger/lib/python3.10/site-packages/can_messenger/module/__init__.py to __init__.cpython-310.pyc
[0.762s] byte-compiling /home/kohki/HONROBO_WS/can_messenger/src/install/can_messenger/lib/python3.10/site-packages/can_messenger/module/UseMessage.py to UseMessage.cpython-310.pyc
[0.762s] byte-compiling /home/kohki/HONROBO_WS/can_messenger/src/install/can_messenger/lib/python3.10/site-packages/can_messenger/module/UsbCan.py to UsbCan.cpython-310.pyc
[0.762s] byte-compiling /home/kohki/HONROBO_WS/can_messenger/src/install/can_messenger/lib/python3.10/site-packages/can_messenger/can_messenger.py to can_messenger.cpython-310.pyc
[0.763s] running install_data
[0.763s] creating /home/kohki/HONROBO_WS/can_messenger/src/install/can_messenger/share/ament_index
[0.763s] creating /home/kohki/HONROBO_WS/can_messenger/src/install/can_messenger/share/ament_index/resource_index
[0.763s] creating /home/kohki/HONROBO_WS/can_messenger/src/install/can_messenger/share/ament_index/resource_index/packages
[0.763s] copying resource/can_messenger -> /home/kohki/HONROBO_WS/can_messenger/src/install/can_messenger/share/ament_index/resource_index/packages
[0.763s] copying package.xml -> /home/kohki/HONROBO_WS/can_messenger/src/install/can_messenger/share/can_messenger
[0.763s] running install_egg_info
[0.764s] Copying ../build/can_messenger/can_messenger.egg-info to /home/kohki/HONROBO_WS/can_messenger/src/install/can_messenger/lib/python3.10/site-packages/can_messenger-0.0.0-py3.10.egg-info
[0.765s] running install_scripts
[0.777s] Installing can_messenger script to /home/kohki/HONROBO_WS/can_messenger/src/install/can_messenger/lib/can_messenger
[0.778s] writing list of installed files to '/home/kohki/HONROBO_WS/can_messenger/src/build/can_messenger/install.log'
[0.794s] Invoked command in '/home/kohki/HONROBO_WS/can_messenger/src/can_messenger' returned '0': PYTHONPATH=/home/kohki/HONROBO_WS/can_messenger/src/build/can_messenger/prefix_override:/home/kohki/HONROBO_WS/can_messenger/src/install/can_messenger/lib/python3.10/site-packages:${PYTHONPATH} /usr/bin/python3 setup.py egg_info --egg-base ../build/can_messenger build --build-base /home/kohki/HONROBO_WS/can_messenger/src/build/can_messenger/build install --record /home/kohki/HONROBO_WS/can_messenger/src/build/can_messenger/install.log --single-version-externally-managed
