[0.622s] Invoking command in '/home/kohki/HONROBO_WS/honrobo_main/src/ros_main': PYTHONPATH=/home/kohki/HONROBO_WS/honrobo_main/src/build/ros_main/prefix_override:/home/kohki/HONROBO_WS/honrobo_main/src/install/ros_main/lib/python3.10/site-packages:${PYTHONPATH} /usr/bin/python3 setup.py egg_info --egg-base ../build/ros_main build --build-base /home/kohki/HONROBO_WS/honrobo_main/src/build/ros_main/build install --record /home/kohki/HONROBO_WS/honrobo_main/src/build/ros_main/install.log --single-version-externally-managed
[0.850s] running egg_info
[0.850s] writing ../build/ros_main/ros_main.egg-info/PKG-INFO
[0.851s] writing dependency_links to ../build/ros_main/ros_main.egg-info/dependency_links.txt
[0.851s] writing entry points to ../build/ros_main/ros_main.egg-info/entry_points.txt
[0.851s] writing requirements to ../build/ros_main/ros_main.egg-info/requires.txt
[0.851s] writing top-level names to ../build/ros_main/ros_main.egg-info/top_level.txt
[0.852s] reading manifest file '../build/ros_main/ros_main.egg-info/SOURCES.txt'
[0.852s] writing manifest file '../build/ros_main/ros_main.egg-info/SOURCES.txt'
[0.852s] running build
[0.852s] running build_py
[0.853s] copying ros_main/ros_main.py -> /home/kohki/HONROBO_WS/honrobo_main/src/build/ros_main/build/lib/ros_main
[0.853s] running install
[0.853s] running install_lib
[0.854s] copying /home/kohki/HONROBO_WS/honrobo_main/src/build/ros_main/build/lib/ros_main/ros_main.py -> /home/kohki/HONROBO_WS/honrobo_main/src/install/ros_main/lib/python3.10/site-packages/ros_main
[0.854s] byte-compiling /home/kohki/HONROBO_WS/honrobo_main/src/install/ros_main/lib/python3.10/site-packages/ros_main/ros_main.py to ros_main.cpython-310.pyc
[0.855s] running install_data
[0.855s] running install_egg_info
[0.856s] removing '/home/kohki/HONROBO_WS/honrobo_main/src/install/ros_main/lib/python3.10/site-packages/ros_main-0.0.0-py3.10.egg-info' (and everything under it)
[0.856s] Copying ../build/ros_main/ros_main.egg-info to /home/kohki/HONROBO_WS/honrobo_main/src/install/ros_main/lib/python3.10/site-packages/ros_main-0.0.0-py3.10.egg-info
[0.856s] running install_scripts
[0.869s] Installing ros_main script to /home/kohki/HONROBO_WS/honrobo_main/src/install/ros_main/lib/ros_main
[0.869s] writing list of installed files to '/home/kohki/HONROBO_WS/honrobo_main/src/build/ros_main/install.log'
[0.885s] Invoked command in '/home/kohki/HONROBO_WS/honrobo_main/src/ros_main' returned '0': PYTHONPATH=/home/kohki/HONROBO_WS/honrobo_main/src/build/ros_main/prefix_override:/home/kohki/HONROBO_WS/honrobo_main/src/install/ros_main/lib/python3.10/site-packages:${PYTHONPATH} /usr/bin/python3 setup.py egg_info --egg-base ../build/ros_main build --build-base /home/kohki/HONROBO_WS/honrobo_main/src/build/ros_main/build install --record /home/kohki/HONROBO_WS/honrobo_main/src/build/ros_main/install.log --single-version-externally-managed
