[0.473s] Invoking command in '/home/kohki/HONROBO_WS/realsense_pub/src/realsense_pub': PYTHONPATH=/home/kohki/HONROBO_WS/realsense_pub/src/build/realsense_pub/prefix_override:/home/kohki/HONROBO_WS/realsense_pub/src/install/realsense_pub/lib/python3.10/site-packages:${PYTHONPATH} /usr/bin/python3 setup.py egg_info --egg-base ../build/realsense_pub build --build-base /home/kohki/HONROBO_WS/realsense_pub/src/build/realsense_pub/build install --record /home/kohki/HONROBO_WS/realsense_pub/src/build/realsense_pub/install.log --single-version-externally-managed
[0.650s] running egg_info
[0.650s] creating ../build/realsense_pub/realsense_pub.egg-info
[0.650s] writing ../build/realsense_pub/realsense_pub.egg-info/PKG-INFO
[0.651s] writing dependency_links to ../build/realsense_pub/realsense_pub.egg-info/dependency_links.txt
[0.651s] writing entry points to ../build/realsense_pub/realsense_pub.egg-info/entry_points.txt
[0.651s] writing requirements to ../build/realsense_pub/realsense_pub.egg-info/requires.txt
[0.651s] writing top-level names to ../build/realsense_pub/realsense_pub.egg-info/top_level.txt
[0.651s] writing manifest file '../build/realsense_pub/realsense_pub.egg-info/SOURCES.txt'
[0.652s] reading manifest file '../build/realsense_pub/realsense_pub.egg-info/SOURCES.txt'
[0.653s] writing manifest file '../build/realsense_pub/realsense_pub.egg-info/SOURCES.txt'
[0.653s] running build
[0.653s] running build_py
[0.653s] creating /home/kohki/HONROBO_WS/realsense_pub/src/build/realsense_pub/build
[0.653s] creating /home/kohki/HONROBO_WS/realsense_pub/src/build/realsense_pub/build/lib
[0.653s] creating /home/kohki/HONROBO_WS/realsense_pub/src/build/realsense_pub/build/lib/realsense_pub
[0.653s] copying realsense_pub/__init__.py -> /home/kohki/HONROBO_WS/realsense_pub/src/build/realsense_pub/build/lib/realsense_pub
[0.653s] copying realsense_pub/realsense_pub.py -> /home/kohki/HONROBO_WS/realsense_pub/src/build/realsense_pub/build/lib/realsense_pub
[0.653s] running install
[0.654s] running install_lib
[0.654s] creating /home/kohki/HONROBO_WS/realsense_pub/src/install/realsense_pub/lib/python3.10/site-packages/realsense_pub
[0.654s] copying /home/kohki/HONROBO_WS/realsense_pub/src/build/realsense_pub/build/lib/realsense_pub/__init__.py -> /home/kohki/HONROBO_WS/realsense_pub/src/install/realsense_pub/lib/python3.10/site-packages/realsense_pub
[0.654s] copying /home/kohki/HONROBO_WS/realsense_pub/src/build/realsense_pub/build/lib/realsense_pub/realsense_pub.py -> /home/kohki/HONROBO_WS/realsense_pub/src/install/realsense_pub/lib/python3.10/site-packages/realsense_pub
[0.654s] byte-compiling /home/kohki/HONROBO_WS/realsense_pub/src/install/realsense_pub/lib/python3.10/site-packages/realsense_pub/__init__.py to __init__.cpython-310.pyc
[0.655s] byte-compiling /home/kohki/HONROBO_WS/realsense_pub/src/install/realsense_pub/lib/python3.10/site-packages/realsense_pub/realsense_pub.py to realsense_pub.cpython-310.pyc
[0.655s] running install_data
[0.656s] creating /home/kohki/HONROBO_WS/realsense_pub/src/install/realsense_pub/share/ament_index
[0.656s] creating /home/kohki/HONROBO_WS/realsense_pub/src/install/realsense_pub/share/ament_index/resource_index
[0.656s] creating /home/kohki/HONROBO_WS/realsense_pub/src/install/realsense_pub/share/ament_index/resource_index/packages
[0.656s] copying resource/realsense_pub -> /home/kohki/HONROBO_WS/realsense_pub/src/install/realsense_pub/share/ament_index/resource_index/packages
[0.656s] copying package.xml -> /home/kohki/HONROBO_WS/realsense_pub/src/install/realsense_pub/share/realsense_pub
[0.656s] running install_egg_info
[0.657s] Copying ../build/realsense_pub/realsense_pub.egg-info to /home/kohki/HONROBO_WS/realsense_pub/src/install/realsense_pub/lib/python3.10/site-packages/realsense_pub-0.0.0-py3.10.egg-info
[0.657s] running install_scripts
[0.670s] Installing realsense_pub script to /home/kohki/HONROBO_WS/realsense_pub/src/install/realsense_pub/lib/realsense_pub
[0.671s] writing list of installed files to '/home/kohki/HONROBO_WS/realsense_pub/src/build/realsense_pub/install.log'
[0.689s] Invoked command in '/home/kohki/HONROBO_WS/realsense_pub/src/realsense_pub' returned '0': PYTHONPATH=/home/kohki/HONROBO_WS/realsense_pub/src/build/realsense_pub/prefix_override:/home/kohki/HONROBO_WS/realsense_pub/src/install/realsense_pub/lib/python3.10/site-packages:${PYTHONPATH} /usr/bin/python3 setup.py egg_info --egg-base ../build/realsense_pub build --build-base /home/kohki/HONROBO_WS/realsense_pub/src/build/realsense_pub/build install --record /home/kohki/HONROBO_WS/realsense_pub/src/build/realsense_pub/install.log --single-version-externally-managed
