[0.733s] DEBUG:colcon:Command line arguments: ['/usr/bin/colcon', 'build']
[0.733s] DEBUG:colcon:Parsed command line arguments: Namespace(log_base=None, log_level=None, verb_name='build', build_base='build', install_base='install', merge_install=False, symlink_install=False, test_result_base=None, continue_on_error=False, executor='parallel', parallel_workers=12, event_handlers=None, ignore_user_meta=False, metas=['./colcon.meta'], base_paths=['.'], packages_ignore=None, packages_ignore_regex=None, paths=None, packages_up_to=None, packages_up_to_regex=None, packages_above=None, packages_above_and_dependencies=None, packages_above_depth=None, packages_select_by_dep=None, packages_skip_by_dep=None, packages_skip_up_to=None, packages_select_build_failed=False, packages_skip_build_finished=False, packages_select_test_failures=False, packages_skip_test_passed=False, packages_select=None, packages_skip=None, packages_select_regex=None, packages_skip_regex=None, packages_start=None, packages_end=None, allow_overriding=[], cmake_args=None, cmake_target=None, cmake_target_skip_unavailable=False, cmake_clean_cache=False, cmake_clean_first=False, cmake_force_configure=False, ament_cmake_args=None, catkin_cmake_args=None, catkin_skip_building_tests=False, verb_parser=<colcon_defaults.argument_parser.defaults.DefaultArgumentsDecorator object at 0x7fa76cab4940>, verb_extension=<colcon_core.verb.build.BuildVerb object at 0x7fa76cb46c80>, main=<bound method BuildVerb.main of <colcon_core.verb.build.BuildVerb object at 0x7fa76cb46c80>>)
[0.767s] Level 1:colcon.colcon_core.package_discovery:discover_packages(colcon_meta) check parameters
[0.767s] Level 1:colcon.colcon_core.package_discovery:discover_packages(recursive) check parameters
[0.767s] Level 1:colcon.colcon_core.package_discovery:discover_packages(ignore) check parameters
[0.767s] Level 1:colcon.colcon_core.package_discovery:discover_packages(path) check parameters
[0.767s] Level 1:colcon.colcon_core.package_discovery:discover_packages(colcon_meta) discover
[0.767s] Level 1:colcon.colcon_core.package_discovery:discover_packages(recursive) discover
[0.767s] INFO:colcon.colcon_core.package_discovery:Crawling recursively for packages in '/home/kohki/HONROBO_WS/can_messenger'
[0.767s] Level 1:colcon.colcon_core.package_identification:_identify(.) by extensions ['ignore', 'ignore_ament_install']
[0.767s] Level 1:colcon.colcon_core.package_identification:_identify(.) by extension 'ignore'
[0.767s] Level 1:colcon.colcon_core.package_identification:_identify(.) by extension 'ignore_ament_install'
[0.767s] Level 1:colcon.colcon_core.package_identification:_identify(.) by extensions ['colcon_pkg']
[0.767s] Level 1:colcon.colcon_core.package_identification:_identify(.) by extension 'colcon_pkg'
[0.767s] Level 1:colcon.colcon_core.package_identification:_identify(.) by extensions ['colcon_meta']
[0.767s] Level 1:colcon.colcon_core.package_identification:_identify(.) by extension 'colcon_meta'
[0.767s] Level 1:colcon.colcon_core.package_identification:_identify(.) by extensions ['ros']
[0.767s] Level 1:colcon.colcon_core.package_identification:_identify(.) by extension 'ros'
[0.775s] Level 1:colcon.colcon_core.package_identification:_identify(.) by extensions ['cmake', 'python']
[0.775s] Level 1:colcon.colcon_core.package_identification:_identify(.) by extension 'cmake'
[0.775s] Level 1:colcon.colcon_core.package_identification:_identify(.) by extension 'python'
[0.775s] Level 1:colcon.colcon_core.package_identification:_identify(.) by extensions ['python_setup_py']
[0.775s] Level 1:colcon.colcon_core.package_identification:_identify(.) by extension 'python_setup_py'
[0.775s] Level 1:colcon.colcon_core.package_identification:_identify(build) by extensions ['ignore', 'ignore_ament_install']
[0.775s] Level 1:colcon.colcon_core.package_identification:_identify(build) by extension 'ignore'
[0.775s] Level 1:colcon.colcon_core.package_identification:_identify(build) ignored
[0.775s] Level 1:colcon.colcon_core.package_identification:_identify(install) by extensions ['ignore', 'ignore_ament_install']
[0.776s] Level 1:colcon.colcon_core.package_identification:_identify(install) by extension 'ignore'
[0.776s] Level 1:colcon.colcon_core.package_identification:_identify(install) ignored
[0.776s] Level 1:colcon.colcon_core.package_identification:_identify(log) by extensions ['ignore', 'ignore_ament_install']
[0.776s] Level 1:colcon.colcon_core.package_identification:_identify(log) by extension 'ignore'
[0.776s] Level 1:colcon.colcon_core.package_identification:_identify(log) ignored
[0.776s] Level 1:colcon.colcon_core.package_identification:_identify(src) by extensions ['ignore', 'ignore_ament_install']
[0.776s] Level 1:colcon.colcon_core.package_identification:_identify(src) by extension 'ignore'
[0.776s] Level 1:colcon.colcon_core.package_identification:_identify(src) by extension 'ignore_ament_install'
[0.776s] Level 1:colcon.colcon_core.package_identification:_identify(src) by extensions ['colcon_pkg']
[0.776s] Level 1:colcon.colcon_core.package_identification:_identify(src) by extension 'colcon_pkg'
[0.776s] Level 1:colcon.colcon_core.package_identification:_identify(src) by extensions ['colcon_meta']
[0.776s] Level 1:colcon.colcon_core.package_identification:_identify(src) by extension 'colcon_meta'
[0.776s] Level 1:colcon.colcon_core.package_identification:_identify(src) by extensions ['ros']
[0.776s] Level 1:colcon.colcon_core.package_identification:_identify(src) by extension 'ros'
[0.776s] Level 1:colcon.colcon_core.package_identification:_identify(src) by extensions ['cmake', 'python']
[0.776s] Level 1:colcon.colcon_core.package_identification:_identify(src) by extension 'cmake'
[0.776s] Level 1:colcon.colcon_core.package_identification:_identify(src) by extension 'python'
[0.776s] Level 1:colcon.colcon_core.package_identification:_identify(src) by extensions ['python_setup_py']
[0.776s] Level 1:colcon.colcon_core.package_identification:_identify(src) by extension 'python_setup_py'
[0.776s] Level 1:colcon.colcon_core.package_identification:_identify(src/can_messenger) by extensions ['ignore', 'ignore_ament_install']
[0.776s] Level 1:colcon.colcon_core.package_identification:_identify(src/can_messenger) by extension 'ignore'
[0.776s] Level 1:colcon.colcon_core.package_identification:_identify(src/can_messenger) by extension 'ignore_ament_install'
[0.776s] Level 1:colcon.colcon_core.package_identification:_identify(src/can_messenger) by extensions ['colcon_pkg']
[0.776s] Level 1:colcon.colcon_core.package_identification:_identify(src/can_messenger) by extension 'colcon_pkg'
[0.776s] Level 1:colcon.colcon_core.package_identification:_identify(src/can_messenger) by extensions ['colcon_meta']
[0.776s] Level 1:colcon.colcon_core.package_identification:_identify(src/can_messenger) by extension 'colcon_meta'
[0.776s] Level 1:colcon.colcon_core.package_identification:_identify(src/can_messenger) by extensions ['ros']
[0.776s] Level 1:colcon.colcon_core.package_identification:_identify(src/can_messenger) by extension 'ros'
[0.778s] DEBUG:colcon.colcon_core.package_identification:Package 'src/can_messenger' with type 'ros.ament_python' and name 'can_messenger'
[0.778s] Level 1:colcon.colcon_core.package_discovery:discover_packages(recursive) using defaults
[0.778s] Level 1:colcon.colcon_core.package_discovery:discover_packages(ignore) discover
[0.778s] Level 1:colcon.colcon_core.package_discovery:discover_packages(ignore) using defaults
[0.778s] Level 1:colcon.colcon_core.package_discovery:discover_packages(path) discover
[0.778s] Level 1:colcon.colcon_core.package_discovery:discover_packages(path) using defaults
[0.847s] Level 1:colcon.colcon_core.package_discovery:discover_packages(prefix_path) check parameters
[0.847s] Level 1:colcon.colcon_core.package_discovery:discover_packages(prefix_path) discover
[0.869s] DEBUG:colcon.colcon_installed_package_information.package_discovery:Found 1 installed packages in /home/kohki/HONROBO_WS/ros_joy/install
[0.880s] DEBUG:colcon.colcon_installed_package_information.package_discovery:Found 1 installed packages in /home/kohki/HONROBO_WS/auto_move/src/install
[0.890s] DEBUG:colcon.colcon_installed_package_information.package_discovery:Found 1 installed packages in /home/kohki/HONROBO_WS/realsense_pub/src/install
[0.911s] DEBUG:colcon.colcon_installed_package_information.package_discovery:Found 287 installed packages in /opt/ros/humble
[0.912s] Level 1:colcon.colcon_core.package_discovery:discover_packages(prefix_path) using defaults
[0.973s] Level 5:colcon.colcon_core.verb:set package 'can_messenger' build argument 'cmake_args' from command line to 'None'
[0.973s] Level 5:colcon.colcon_core.verb:set package 'can_messenger' build argument 'cmake_target' from command line to 'None'
[0.973s] Level 5:colcon.colcon_core.verb:set package 'can_messenger' build argument 'cmake_target_skip_unavailable' from command line to 'False'
[0.973s] Level 5:colcon.colcon_core.verb:set package 'can_messenger' build argument 'cmake_clean_cache' from command line to 'False'
[0.974s] Level 5:colcon.colcon_core.verb:set package 'can_messenger' build argument 'cmake_clean_first' from command line to 'False'
[0.974s] Level 5:colcon.colcon_core.verb:set package 'can_messenger' build argument 'cmake_force_configure' from command line to 'False'
[0.974s] Level 5:colcon.colcon_core.verb:set package 'can_messenger' build argument 'ament_cmake_args' from command line to 'None'
[0.974s] Level 5:colcon.colcon_core.verb:set package 'can_messenger' build argument 'catkin_cmake_args' from command line to 'None'
[0.974s] Level 5:colcon.colcon_core.verb:set package 'can_messenger' build argument 'catkin_skip_building_tests' from command line to 'False'
[0.974s] DEBUG:colcon.colcon_core.verb:Building package 'can_messenger' with the following arguments: {'ament_cmake_args': None, 'build_base': '/home/kohki/HONROBO_WS/can_messenger/build/can_messenger', 'catkin_cmake_args': None, 'catkin_skip_building_tests': False, 'cmake_args': None, 'cmake_clean_cache': False, 'cmake_clean_first': False, 'cmake_force_configure': False, 'cmake_target': None, 'cmake_target_skip_unavailable': False, 'install_base': '/home/kohki/HONROBO_WS/can_messenger/install/can_messenger', 'merge_install': False, 'path': '/home/kohki/HONROBO_WS/can_messenger/src/can_messenger', 'symlink_install': False, 'test_result_base': None}
[0.985s] INFO:colcon.colcon_core.executor:Executing jobs using 'parallel' executor
[0.997s] DEBUG:colcon.colcon_parallel_executor.executor.parallel:run_until_complete
[0.997s] INFO:colcon.colcon_ros.task.ament_python.build:Building ROS package in '/home/kohki/HONROBO_WS/can_messenger/src/can_messenger' with build type 'ament_python'
[0.997s] Level 1:colcon.colcon_core.shell:create_environment_hook('can_messenger', 'ament_prefix_path')
[1.010s] INFO:colcon.colcon_core.plugin_system:Skipping extension 'colcon_core.shell.bat': Not used on non-Windows systems
[1.010s] INFO:colcon.colcon_core.shell:Creating environment hook '/home/kohki/HONROBO_WS/can_messenger/install/can_messenger/share/can_messenger/hook/ament_prefix_path.ps1'
[1.011s] INFO:colcon.colcon_core.shell:Creating environment descriptor '/home/kohki/HONROBO_WS/can_messenger/install/can_messenger/share/can_messenger/hook/ament_prefix_path.dsv'
[1.011s] INFO:colcon.colcon_core.shell:Creating environment hook '/home/kohki/HONROBO_WS/can_messenger/install/can_messenger/share/can_messenger/hook/ament_prefix_path.sh'
[1.022s] INFO:colcon.colcon_core.shell:Skip shell extension 'powershell' for command environment: Not usable outside of PowerShell
[1.022s] DEBUG:colcon.colcon_core.shell:Skip shell extension 'dsv' for command environment
[1.267s] INFO:colcon.colcon_core.task.python.build:Building Python package in '/home/kohki/HONROBO_WS/can_messenger/src/can_messenger'
[1.277s] INFO:colcon.colcon_core.shell:Skip shell extension 'powershell' for command environment: Not usable outside of PowerShell
[1.277s] DEBUG:colcon.colcon_core.shell:Skip shell extension 'dsv' for command environment
[1.671s] DEBUG:colcon.colcon_core.event_handler.log_command:Invoking command in '/home/kohki/HONROBO_WS/can_messenger/src/can_messenger': PYTHONPATH=/home/kohki/HONROBO_WS/can_messenger/build/can_messenger/prefix_override:/home/kohki/HONROBO_WS/can_messenger/install/can_messenger/lib/python3.10/site-packages:${PYTHONPATH} /usr/bin/python3 setup.py egg_info --egg-base ../../build/can_messenger build --build-base /home/kohki/HONROBO_WS/can_messenger/build/can_messenger/build install --record /home/kohki/HONROBO_WS/can_messenger/build/can_messenger/install.log --single-version-externally-managed
[1.914s] DEBUG:colcon.colcon_core.event_handler.log_command:Invoked command in '/home/kohki/HONROBO_WS/can_messenger/src/can_messenger' returned '0': PYTHONPATH=/home/kohki/HONROBO_WS/can_messenger/build/can_messenger/prefix_override:/home/kohki/HONROBO_WS/can_messenger/install/can_messenger/lib/python3.10/site-packages:${PYTHONPATH} /usr/bin/python3 setup.py egg_info --egg-base ../../build/can_messenger build --build-base /home/kohki/HONROBO_WS/can_messenger/build/can_messenger/build install --record /home/kohki/HONROBO_WS/can_messenger/build/can_messenger/install.log --single-version-externally-managed
[1.927s] Level 1:colcon.colcon_core.environment:checking '/home/kohki/HONROBO_WS/can_messenger/install/can_messenger' for CMake module files
[1.928s] Level 1:colcon.colcon_core.environment:checking '/home/kohki/HONROBO_WS/can_messenger/install/can_messenger' for CMake config files
[1.928s] Level 1:colcon.colcon_core.environment:checking '/home/kohki/HONROBO_WS/can_messenger/install/can_messenger/lib'
[1.929s] Level 1:colcon.colcon_core.environment:checking '/home/kohki/HONROBO_WS/can_messenger/install/can_messenger/bin'
[1.929s] Level 1:colcon.colcon_core.environment:checking '/home/kohki/HONROBO_WS/can_messenger/install/can_messenger/lib/pkgconfig/can_messenger.pc'
[1.929s] Level 1:colcon.colcon_core.environment:checking '/home/kohki/HONROBO_WS/can_messenger/install/can_messenger/lib/python3.10/site-packages'
[1.929s] Level 1:colcon.colcon_core.shell:create_environment_hook('can_messenger', 'pythonpath')
[1.940s] INFO:colcon.colcon_core.shell:Creating environment hook '/home/kohki/HONROBO_WS/can_messenger/install/can_messenger/share/can_messenger/hook/pythonpath.ps1'
[1.940s] INFO:colcon.colcon_core.shell:Creating environment descriptor '/home/kohki/HONROBO_WS/can_messenger/install/can_messenger/share/can_messenger/hook/pythonpath.dsv'
[1.941s] INFO:colcon.colcon_core.shell:Creating environment hook '/home/kohki/HONROBO_WS/can_messenger/install/can_messenger/share/can_messenger/hook/pythonpath.sh'
[1.941s] Level 1:colcon.colcon_core.environment:checking '/home/kohki/HONROBO_WS/can_messenger/install/can_messenger/bin'
[1.941s] Level 1:colcon.colcon_core.environment:create_environment_scripts_only(can_messenger)
[1.952s] INFO:colcon.colcon_core.shell:Creating package script '/home/kohki/HONROBO_WS/can_messenger/install/can_messenger/share/can_messenger/package.ps1'
[1.953s] INFO:colcon.colcon_core.shell:Creating package descriptor '/home/kohki/HONROBO_WS/can_messenger/install/can_messenger/share/can_messenger/package.dsv'
[1.953s] INFO:colcon.colcon_core.shell:Creating package script '/home/kohki/HONROBO_WS/can_messenger/install/can_messenger/share/can_messenger/package.sh'
[1.954s] INFO:colcon.colcon_core.shell:Creating package script '/home/kohki/HONROBO_WS/can_messenger/install/can_messenger/share/can_messenger/package.bash'
[1.954s] INFO:colcon.colcon_core.shell:Creating package script '/home/kohki/HONROBO_WS/can_messenger/install/can_messenger/share/can_messenger/package.zsh'
[1.955s] Level 1:colcon.colcon_core.environment:create_file_with_runtime_dependencies(/home/kohki/HONROBO_WS/can_messenger/install/can_messenger/share/colcon-core/packages/can_messenger)
[1.955s] DEBUG:colcon.colcon_parallel_executor.executor.parallel:closing loop
[1.955s] DEBUG:colcon.colcon_parallel_executor.executor.parallel:loop closed
[1.956s] DEBUG:colcon.colcon_parallel_executor.executor.parallel:run_until_complete finished with '0'
[1.956s] DEBUG:colcon.colcon_core.event_reactor:joining thread
[1.973s] INFO:colcon.colcon_core.plugin_system:Skipping extension 'colcon_notification.desktop_notification.terminal_notifier': Not used on non-Darwin systems
[1.973s] INFO:colcon.colcon_core.plugin_system:Skipping extension 'colcon_notification.desktop_notification.win32': Not used on non-Windows systems
[1.973s] INFO:colcon.colcon_notification.desktop_notification:Sending desktop notification using 'notify2'
[1.984s] DEBUG:colcon.colcon_core.event_reactor:joined thread
[1.999s] INFO:colcon.colcon_core.shell:Creating prefix script '/home/kohki/HONROBO_WS/can_messenger/install/local_setup.ps1'
[2.000s] INFO:colcon.colcon_core.shell:Creating prefix util module '/home/kohki/HONROBO_WS/can_messenger/install/_local_setup_util_ps1.py'
[2.002s] INFO:colcon.colcon_core.shell:Creating prefix chain script '/home/kohki/HONROBO_WS/can_messenger/install/setup.ps1'
[2.016s] INFO:colcon.colcon_core.shell:Creating prefix script '/home/kohki/HONROBO_WS/can_messenger/install/local_setup.sh'
[2.017s] INFO:colcon.colcon_core.shell:Creating prefix util module '/home/kohki/HONROBO_WS/can_messenger/install/_local_setup_util_sh.py'
[2.017s] INFO:colcon.colcon_core.shell:Creating prefix chain script '/home/kohki/HONROBO_WS/can_messenger/install/setup.sh'
[2.032s] INFO:colcon.colcon_core.shell:Creating prefix script '/home/kohki/HONROBO_WS/can_messenger/install/local_setup.bash'
[2.032s] INFO:colcon.colcon_core.shell:Creating prefix chain script '/home/kohki/HONROBO_WS/can_messenger/install/setup.bash'
[2.045s] INFO:colcon.colcon_core.shell:Creating prefix script '/home/kohki/HONROBO_WS/can_messenger/install/local_setup.zsh'
[2.045s] INFO:colcon.colcon_core.shell:Creating prefix chain script '/home/kohki/HONROBO_WS/can_messenger/install/setup.zsh'
