[0.595s] Invoking command in '/home/kohki/HONROBO_WS/can_messenger/src/can_messenger': PYTHONPATH=/home/kohki/HONROBO_WS/can_messenger/build/can_messenger/prefix_override:/home/kohki/HONROBO_WS/can_messenger/install/can_messenger/lib/python3.10/site-packages:${PYTHONPATH} /usr/bin/python3 setup.py egg_info --egg-base ../../build/can_messenger build --build-base /home/kohki/HONROBO_WS/can_messenger/build/can_messenger/build install --record /home/kohki/HONROBO_WS/can_messenger/build/can_messenger/install.log --single-version-externally-managed
[0.761s] running egg_info
[0.761s] writing ../../build/can_messenger/can_messenger.egg-info/PKG-INFO
[0.761s] writing dependency_links to ../../build/can_messenger/can_messenger.egg-info/dependency_links.txt
[0.761s] writing entry points to ../../build/can_messenger/can_messenger.egg-info/entry_points.txt
[0.761s] writing requirements to ../../build/can_messenger/can_messenger.egg-info/requires.txt
[0.761s] writing top-level names to ../../build/can_messenger/can_messenger.egg-info/top_level.txt
[0.762s] reading manifest file '../../build/can_messenger/can_messenger.egg-info/SOURCES.txt'
[0.763s] writing manifest file '../../build/can_messenger/can_messenger.egg-info/SOURCES.txt'
[0.763s] running build
[0.763s] running build_py
[0.763s] copying can_messenger/can_messenger.py -> /home/kohki/HONROBO_WS/can_messenger/build/can_messenger/build/lib/can_messenger
[0.763s] running install
[0.763s] running install_lib
[0.764s] copying /home/kohki/HONROBO_WS/can_messenger/build/can_messenger/build/lib/can_messenger/can_messenger.py -> /home/kohki/HONROBO_WS/can_messenger/install/can_messenger/lib/python3.10/site-packages/can_messenger
[0.764s] byte-compiling /home/kohki/HONROBO_WS/can_messenger/install/can_messenger/lib/python3.10/site-packages/can_messenger/can_messenger.py to can_messenger.cpython-310.pyc
[0.764s] running install_data
[0.765s] running install_egg_info
[0.766s] removing '/home/kohki/HONROBO_WS/can_messenger/install/can_messenger/lib/python3.10/site-packages/can_messenger-0.0.0-py3.10.egg-info' (and everything under it)
[0.766s] Copying ../../build/can_messenger/can_messenger.egg-info to /home/kohki/HONROBO_WS/can_messenger/install/can_messenger/lib/python3.10/site-packages/can_messenger-0.0.0-py3.10.egg-info
[0.766s] running install_scripts
[0.779s] Installing can_messenger script to /home/kohki/HONROBO_WS/can_messenger/install/can_messenger/lib/can_messenger
[0.779s] writing list of installed files to '/home/kohki/HONROBO_WS/can_messenger/build/can_messenger/install.log'
[0.795s] Invoked command in '/home/kohki/HONROBO_WS/can_messenger/src/can_messenger' returned '0': PYTHONPATH=/home/kohki/HONROBO_WS/can_messenger/build/can_messenger/prefix_override:/home/kohki/HONROBO_WS/can_messenger/install/can_messenger/lib/python3.10/site-packages:${PYTHONPATH} /usr/bin/python3 setup.py egg_info --egg-base ../../build/can_messenger build --build-base /home/kohki/HONROBO_WS/can_messenger/build/can_messenger/build install --record /home/kohki/HONROBO_WS/can_messenger/build/can_messenger/install.log --single-version-externally-managed
